<?xml version="1.0" encoding="UTF-8"?>
<testsuite xmlns:xsi="http://www.w3.org/2001/XMLSchema-instance" xsi:noNamespaceSchemaLocation="https://maven.apache.org/surefire/maven-surefire-plugin/xsd/surefire-test-report.xsd" version="3.0.2" name="ru.ya.practicum.mymarket.integration.ItemCacheTests" time="1.364" tests="6" errors="0" skipped="0" failures="0">
  <properties>
[...]
</properties>
  <testcase name="getAllCached_firstQueryFromDB_afterFromCache_success" classname="ru.ya.practicum.mymarket.integration.ItemCacheTests" time="0.099">
    <system-out><![CDATA[2026-03-30T18:41:01.536+03:00  INFO 16712 --- [market] [           main] t.c.s.AnnotationConfigContextLoaderUtils : Could not detect default configuration classes for test class [ru.ya.practicum.mymarket.integration.ItemCacheTests]: ItemCacheTests does not declare any static, non-private, non-final, nested classes annotated with @Configuration.
2026-03-30T18:41:01.541+03:00  INFO 16712 --- [market] [           main] .b.t.c.SpringBootTestContextBootstrapper : Found @SpringBootConfiguration ru.ya.practicum.mymarket.MyMarketAppApplication for test class ru.ya.practicum.mymarket.integration.ItemCacheTests
2026-03-30T18:41:01.543+03:00  INFO 16712 --- [market] [           main] tc.redis:7-alpine                        : Creating container for image: redis:7-alpine
2026-03-30T18:41:01.543+03:00  WARN 16712 --- [market] [           main] tc.redis:7-alpine                        : Reuse was requested but the environment does not support the reuse of containers
To enable reuse of containers, you must set 'testcontainers.reuse.enable=true' in a file located at C:\Users\admin\.testcontainers.properties
2026-03-30T18:41:01.606+03:00  INFO 16712 --- [market] [           main] tc.redis:7-alpine                        : Container redis:7-alpine is starting: e6a7c865951b118a324114f18925a890fae35a359f1788411a8c88fada0decf3
2026-03-30T18:41:01.874+03:00  INFO 16712 --- [market] [           main] tc.redis:7-alpine                        : Container redis:7-alpine started in PT0.3315972S

  .   ____          _            __ _ _
 /\\ / ___'_ __ _ _(_)_ __  __ _ \ \ \ \
( ( )\___ | '_ | '_| | '_ \/ _` | \ \ \ \
 \\/  ___)| |_)| | | | | || (_| |  ) ) ) )
  '  |____| .__|_| |_|_| |_\__, | / / / /
 =========|_|==============|___/=/_/_/_/

 :: Spring Boot ::                (v4.0.3)

2026-03-30T18:41:01.913+03:00  INFO 16712 --- [market] [           main] r.y.p.m.integration.ItemCacheTests       : Starting ItemCacheTests using Java 21.0.9 with PID 16712 (started by admin in D:\learning\Java Middle 2025\Sprint7\my-market-app\market_service)
2026-03-30T18:41:01.913+03:00  INFO 16712 --- [market] [           main] r.y.p.m.integration.ItemCacheTests       : No active profile set, falling back to 1 default profile: "default"
2026-03-30T18:41:02.026+03:00  INFO 16712 --- [market] [           main] .s.d.r.c.RepositoryConfigurationDelegate : Multiple Spring Data modules found, entering strict repository configuration mode
2026-03-30T18:41:02.026+03:00  INFO 16712 --- [market] [           main] .s.d.r.c.RepositoryConfigurationDelegate : Bootstrapping Spring Data R2DBC repositories in DEFAULT mode.
2026-03-30T18:41:02.040+03:00  INFO 16712 --- [market] [           main] .s.d.r.c.RepositoryConfigurationDelegate : Finished Spring Data repository scanning in 11 ms. Found 5 R2DBC repository interfaces.
2026-03-30T18:41:02.041+03:00  INFO 16712 --- [market] [           main] .s.d.r.c.RepositoryConfigurationDelegate : Multiple Spring Data modules found, entering strict repository configuration mode
2026-03-30T18:41:02.041+03:00  INFO 16712 --- [market] [           main] .s.d.r.c.RepositoryConfigurationDelegate : Bootstrapping Spring Data Redis repositories in DEFAULT mode.
2026-03-30T18:41:02.045+03:00  INFO 16712 --- [market] [           main] .RepositoryConfigurationExtensionSupport : Spring Data Redis - Could not safely identify store assignment for repository candidate interface ru.ya.practicum.mymarket.repositories.CartItemRepository; If you want this repository to be a Redis repository, consider annotating your entities with one of these annotations: org.springframework.data.redis.core.RedisHash (preferred), or consider extending one of the following types with your repository: org.springframework.data.keyvalue.repository.KeyValueRepository
2026-03-30T18:41:02.045+03:00  INFO 16712 --- [market] [           main] .RepositoryConfigurationExtensionSupport : Spring Data Redis - Could not safely identify store assignment for repository candidate interface ru.ya.practicum.mymarket.repositories.CartRepository; If you want this repository to be a Redis repository, consider annotating your entities with one of these annotations: org.springframework.data.redis.core.RedisHash (preferred), or consider extending one of the following types with your repository: org.springframework.data.keyvalue.repository.KeyValueRepository
2026-03-30T18:41:02.045+03:00  INFO 16712 --- [market] [           main] .RepositoryConfigurationExtensionSupport : Spring Data Redis - Could not safely identify store assignment for repository candidate interface ru.ya.practicum.mymarket.repositories.ItemRepository; If you want this repository to be a Redis repository, consider annotating your entities with one of these annotations: org.springframework.data.redis.core.RedisHash (preferred), or consider extending one of the following types with your repository: org.springframework.data.keyvalue.repository.KeyValueRepository
2026-03-30T18:41:02.045+03:00  INFO 16712 --- [market] [           main] .RepositoryConfigurationExtensionSupport : Spring Data Redis - Could not safely identify store assignment for repository candidate interface ru.ya.practicum.mymarket.repositories.OrderItemRepository; If you want this repository to be a Redis repository, consider annotating your entities with one of these annotations: org.springframework.data.redis.core.RedisHash (preferred), or consider extending one of the following types with your repository: org.springframework.data.keyvalue.repository.KeyValueRepository
2026-03-30T18:41:02.045+03:00  INFO 16712 --- [market] [           main] .RepositoryConfigurationExtensionSupport : Spring Data Redis - Could not safely identify store assignment for repository candidate interface ru.ya.practicum.mymarket.repositories.OrderRepository; If you want this repository to be a Redis repository, consider annotating your entities with one of these annotations: org.springframework.data.redis.core.RedisHash (preferred), or consider extending one of the following types with your repository: org.springframework.data.keyvalue.repository.KeyValueRepository
2026-03-30T18:41:02.045+03:00  INFO 16712 --- [market] [           main] .s.d.r.c.RepositoryConfigurationDelegate : Finished Spring Data repository scanning in 3 ms. Found 0 Redis repository interfaces.
2026-03-30T18:41:02.407+03:00  WARN 16712 --- [market] [           main] o.s.w.r.resource.ResourceHandlerUtils    : Appended trailing slash to static resource location: classpath:/META-INF/resources/webjars/swagger-ui/5.18.3/
2026-03-30T18:41:02.522+03:00  INFO 16712 --- [market] [           main] r.y.p.m.integration.ItemCacheTests       : Started ItemCacheTests in 0.639 seconds (process running for 11.758)
]]></system-out>
  </testcase>
  <testcase name="getAllCached_CartItems_CacheMiss_ShouldLoadFromDatabaseAndCache" classname="ru.ya.practicum.mymarket.integration.ItemCacheTests" time="0.01"/>
  <testcase name="getAllCached_CartItems_FromCache_Success" classname="ru.ya.practicum.mymarket.integration.ItemCacheTests" time="0.012"/>
  <testcase name="getAllCached_fromCache_success" classname="ru.ya.practicum.mymarket.integration.ItemCacheTests" time="0.008"/>
  <testcase name="getAllCached_DifferentSortMethods_ShouldCacheSeparately" classname="ru.ya.practicum.mymarket.integration.ItemCacheTests" time="0.013"/>
  <testcase name="getById_CacheMiss_ShouldLoadFromDatabaseAndCache" classname="ru.ya.practicum.mymarket.integration.ItemCacheTests" time="0.015"/>
</testsuite>