<?xml version="1.0" encoding="UTF-8"?>
<testsuite xmlns:xsi="http://www.w3.org/2001/XMLSchema-instance" xsi:noNamespaceSchemaLocation="https://maven.apache.org/surefire/maven-surefire-plugin/xsd/surefire-test-report.xsd" version="3.0.2" name="ru.ya.practicum.mymarket.integration.PaymentServiceTest" time="21.198" tests="3" errors="0" skipped="0" failures="0">
  <properties>
[...]
</properties>
  <testcase name="getBalance_shouldReturnPositiveLong" classname="ru.ya.practicum.mymarket.integration.PaymentServiceTest" time="0.923">
    <system-out><![CDATA[2026-04-05T19:39:35.546+03:00  INFO 6236 --- [market] [           main] tc.quay.io/keycloak/keycloak:22.0.1      : Creating container for image: quay.io/keycloak/keycloak:22.0.1
2026-04-05T19:39:35.612+03:00  INFO 6236 --- [market] [           main] o.t.utility.RegistryAuthLocator          : Credential helper/store (docker-credential-desktop) does not have credentials for quay.io
2026-04-05T19:39:35.732+03:00  INFO 6236 --- [market] [           main] tc.quay.io/keycloak/keycloak:22.0.1      : Container quay.io/keycloak/keycloak:22.0.1 is starting: 8a83b7311b9820a546a341c0d621b55bf387dfa7277a97c4a70771929e7b0c62
2026-04-05T19:39:35.916+03:00  INFO 6236 --- [market] [           main] o.t.c.wait.strategy.HttpWaitStrategy     : /goofy_stonebraker: Waiting for 60 seconds for URL: http://localhost:64026/realms/test-realm (where port 64026 maps to container port 8080)
2026-04-05T19:39:36.054+03:00 ERROR 6236 --- [market] [ecutorLoop-5-10] i.n.u.c.D.rejectedExecution              : Failed to submit a listener notification task. Event loop shut down?

java.util.concurrent.RejectedExecutionException: event executor terminated
	at io.netty.util.concurrent.SingleThreadEventExecutor.reject(SingleThreadEventExecutor.java:1125) ~[netty-common-4.2.10.Final.jar:4.2.10.Final]
	at io.netty.util.concurrent.SingleThreadEventExecutor.offerTask(SingleThreadEventExecutor.java:413) ~[netty-common-4.2.10.Final.jar:4.2.10.Final]
	at io.netty.util.concurrent.SingleThreadEventExecutor.addTask(SingleThreadEventExecutor.java:406) ~[netty-common-4.2.10.Final.jar:4.2.10.Final]
	at io.netty.util.concurrent.SingleThreadEventExecutor.execute(SingleThreadEventExecutor.java:1027) ~[netty-common-4.2.10.Final.jar:4.2.10.Final]
	at io.netty.util.concurrent.SingleThreadEventExecutor.execute0(SingleThreadEventExecutor.java:993) ~[netty-common-4.2.10.Final.jar:4.2.10.Final]
	at io.netty.util.concurrent.SingleThreadEventExecutor.execute(SingleThreadEventExecutor.java:983) ~[netty-common-4.2.10.Final.jar:4.2.10.Final]
	at io.netty.util.concurrent.DefaultPromise.safeExecute(DefaultPromise.java:879) ~[netty-common-4.2.10.Final.jar:4.2.10.Final]
	at io.netty.util.concurrent.DefaultPromise.notifyListeners(DefaultPromise.java:514) ~[netty-common-4.2.10.Final.jar:4.2.10.Final]
	at io.netty.util.concurrent.DefaultPromise.addListener(DefaultPromise.java:199) ~[netty-common-4.2.10.Final.jar:4.2.10.Final]
	at io.netty.channel.DefaultChannelPromise.addListener(DefaultChannelPromise.java:95) ~[netty-transport-4.2.10.Final.jar:4.2.10.Final]
	at io.netty.channel.DefaultChannelPromise.addListener(DefaultChannelPromise.java:30) ~[netty-transport-4.2.10.Final.jar:4.2.10.Final]
	at io.lettuce.core.protocol.RedisHandshakeHandler.fail(RedisHandshakeHandler.java:123) ~[lettuce-core-6.8.2.RELEASE.jar:6.8.2.RELEASE/34f8700]
	at io.lettuce.core.protocol.RedisHandshakeHandler.lambda$channelRegistered$0(RedisHandshakeHandler.java:51) ~[lettuce-core-6.8.2.RELEASE.jar:6.8.2.RELEASE/34f8700]
	at io.netty.util.concurrent.PromiseTask.runTask(PromiseTask.java:98) ~[netty-common-4.2.10.Final.jar:4.2.10.Final]
	at io.netty.util.concurrent.PromiseTask.run(PromiseTask.java:106) ~[netty-common-4.2.10.Final.jar:4.2.10.Final]
	at io.netty.util.concurrent.AbstractEventExecutor.runTask(AbstractEventExecutor.java:148) ~[netty-common-4.2.10.Final.jar:4.2.10.Final]
	at io.netty.util.concurrent.DefaultEventExecutor.run(DefaultEventExecutor.java:66) ~[netty-common-4.2.10.Final.jar:4.2.10.Final]
	at io.netty.util.concurrent.SingleThreadEventExecutor$5.run(SingleThreadEventExecutor.java:1195) ~[netty-common-4.2.10.Final.jar:4.2.10.Final]
	at io.netty.util.internal.ThreadExecutorMap$2.run(ThreadExecutorMap.java:74) ~[netty-common-4.2.10.Final.jar:4.2.10.Final]
	at io.netty.util.concurrent.FastThreadLocalRunnable.run(FastThreadLocalRunnable.java:30) ~[netty-common-4.2.10.Final.jar:4.2.10.Final]
	at java.base/java.lang.Thread.run(Thread.java:1583) ~[na:na]

2026-04-05T19:39:36.054+03:00 ERROR 6236 --- [market] [ecutorLoop-5-12] i.n.u.c.D.rejectedExecution              : Failed to submit a listener notification task. Event loop shut down?

java.util.concurrent.RejectedExecutionException: event executor terminated
	at io.netty.util.concurrent.SingleThreadEventExecutor.reject(SingleThreadEventExecutor.java:1125) ~[netty-common-4.2.10.Final.jar:4.2.10.Final]
	at io.netty.util.concurrent.SingleThreadEventExecutor.offerTask(SingleThreadEventExecutor.java:413) ~[netty-common-4.2.10.Final.jar:4.2.10.Final]
	at io.netty.util.concurrent.SingleThreadEventExecutor.addTask(SingleThreadEventExecutor.java:406) ~[netty-common-4.2.10.Final.jar:4.2.10.Final]
	at io.netty.util.concurrent.SingleThreadEventExecutor.execute(SingleThreadEventExecutor.java:1027) ~[netty-common-4.2.10.Final.jar:4.2.10.Final]
	at io.netty.util.concurrent.SingleThreadEventExecutor.execute0(SingleThreadEventExecutor.java:993) ~[netty-common-4.2.10.Final.jar:4.2.10.Final]
	at io.netty.util.concurrent.SingleThreadEventExecutor.execute(SingleThreadEventExecutor.java:983) ~[netty-common-4.2.10.Final.jar:4.2.10.Final]
	at io.netty.util.concurrent.DefaultPromise.safeExecute(DefaultPromise.java:879) ~[netty-common-4.2.10.Final.jar:4.2.10.Final]
	at io.netty.util.concurrent.DefaultPromise.notifyListeners(DefaultPromise.java:514) ~[netty-common-4.2.10.Final.jar:4.2.10.Final]
	at io.netty.util.concurrent.DefaultPromise.addListener(DefaultPromise.java:199) ~[netty-common-4.2.10.Final.jar:4.2.10.Final]
	at io.netty.channel.DefaultChannelPromise.addListener(DefaultChannelPromise.java:95) ~[netty-transport-4.2.10.Final.jar:4.2.10.Final]
	at io.netty.channel.DefaultChannelPromise.addListener(DefaultChannelPromise.java:30) ~[netty-transport-4.2.10.Final.jar:4.2.10.Final]
	at io.lettuce.core.protocol.RedisHandshakeHandler.fail(RedisHandshakeHandler.java:123) ~[lettuce-core-6.8.2.RELEASE.jar:6.8.2.RELEASE/34f8700]
	at io.lettuce.core.protocol.RedisHandshakeHandler.lambda$channelRegistered$0(RedisHandshakeHandler.java:51) ~[lettuce-core-6.8.2.RELEASE.jar:6.8.2.RELEASE/34f8700]
	at io.netty.util.concurrent.PromiseTask.runTask(PromiseTask.java:98) ~[netty-common-4.2.10.Final.jar:4.2.10.Final]
	at io.netty.util.concurrent.PromiseTask.run(PromiseTask.java:106) ~[netty-common-4.2.10.Final.jar:4.2.10.Final]
	at io.netty.util.concurrent.AbstractEventExecutor.runTask(AbstractEventExecutor.java:148) ~[netty-common-4.2.10.Final.jar:4.2.10.Final]
	at io.netty.util.concurrent.DefaultEventExecutor.run(DefaultEventExecutor.java:66) ~[netty-common-4.2.10.Final.jar:4.2.10.Final]
	at io.netty.util.concurrent.SingleThreadEventExecutor$5.run(SingleThreadEventExecutor.java:1195) ~[netty-common-4.2.10.Final.jar:4.2.10.Final]
	at io.netty.util.internal.ThreadExecutorMap$2.run(ThreadExecutorMap.java:74) ~[netty-common-4.2.10.Final.jar:4.2.10.Final]
	at io.netty.util.concurrent.FastThreadLocalRunnable.run(FastThreadLocalRunnable.java:30) ~[netty-common-4.2.10.Final.jar:4.2.10.Final]
	at java.base/java.lang.Thread.run(Thread.java:1583) ~[na:na]

2026-04-05T19:39:36.054+03:00 ERROR 6236 --- [market] [ecutorLoop-5-11] i.n.u.c.D.rejectedExecution              : Failed to submit a listener notification task. Event loop shut down?

java.util.concurrent.RejectedExecutionException: event executor terminated
	at io.netty.util.concurrent.SingleThreadEventExecutor.reject(SingleThreadEventExecutor.java:1125) ~[netty-common-4.2.10.Final.jar:4.2.10.Final]
	at io.netty.util.concurrent.SingleThreadEventExecutor.offerTask(SingleThreadEventExecutor.java:413) ~[netty-common-4.2.10.Final.jar:4.2.10.Final]
	at io.netty.util.concurrent.SingleThreadEventExecutor.addTask(SingleThreadEventExecutor.java:406) ~[netty-common-4.2.10.Final.jar:4.2.10.Final]
	at io.netty.util.concurrent.SingleThreadEventExecutor.execute(SingleThreadEventExecutor.java:1027) ~[netty-common-4.2.10.Final.jar:4.2.10.Final]
	at io.netty.util.concurrent.SingleThreadEventExecutor.execute0(SingleThreadEventExecutor.java:993) ~[netty-common-4.2.10.Final.jar:4.2.10.Final]
	at io.netty.util.concurrent.SingleThreadEventExecutor.execute(SingleThreadEventExecutor.java:983) ~[netty-common-4.2.10.Final.jar:4.2.10.Final]
	at io.netty.util.concurrent.DefaultPromise.safeExecute(DefaultPromise.java:879) ~[netty-common-4.2.10.Final.jar:4.2.10.Final]
	at io.netty.util.concurrent.DefaultPromise.notifyListeners(DefaultPromise.java:514) ~[netty-common-4.2.10.Final.jar:4.2.10.Final]
	at io.netty.util.concurrent.DefaultPromise.addListener(DefaultPromise.java:199) ~[netty-common-4.2.10.Final.jar:4.2.10.Final]
	at io.netty.channel.DefaultChannelPromise.addListener(DefaultChannelPromise.java:95) ~[netty-transport-4.2.10.Final.jar:4.2.10.Final]
	at io.netty.channel.DefaultChannelPromise.addListener(DefaultChannelPromise.java:30) ~[netty-transport-4.2.10.Final.jar:4.2.10.Final]
	at io.lettuce.core.protocol.RedisHandshakeHandler.fail(RedisHandshakeHandler.java:123) ~[lettuce-core-6.8.2.RELEASE.jar:6.8.2.RELEASE/34f8700]
	at io.lettuce.core.protocol.RedisHandshakeHandler.lambda$channelRegistered$0(RedisHandshakeHandler.java:51) ~[lettuce-core-6.8.2.RELEASE.jar:6.8.2.RELEASE/34f8700]
	at io.netty.util.concurrent.PromiseTask.runTask(PromiseTask.java:98) ~[netty-common-4.2.10.Final.jar:4.2.10.Final]
	at io.netty.util.concurrent.PromiseTask.run(PromiseTask.java:106) ~[netty-common-4.2.10.Final.jar:4.2.10.Final]
	at io.netty.util.concurrent.AbstractEventExecutor.runTask(AbstractEventExecutor.java:148) ~[netty-common-4.2.10.Final.jar:4.2.10.Final]
	at io.netty.util.concurrent.DefaultEventExecutor.run(DefaultEventExecutor.java:66) ~[netty-common-4.2.10.Final.jar:4.2.10.Final]
	at io.netty.util.concurrent.SingleThreadEventExecutor$5.run(SingleThreadEventExecutor.java:1195) ~[netty-common-4.2.10.Final.jar:4.2.10.Final]
	at io.netty.util.internal.ThreadExecutorMap$2.run(ThreadExecutorMap.java:74) ~[netty-common-4.2.10.Final.jar:4.2.10.Final]
	at io.netty.util.concurrent.FastThreadLocalRunnable.run(FastThreadLocalRunnable.java:30) ~[netty-common-4.2.10.Final.jar:4.2.10.Final]
	at java.base/java.lang.Thread.run(Thread.java:1583) ~[na:na]

2026-04-05T19:39:36.148+03:00 ERROR 6236 --- [market] [xecutorLoop-5-2] i.n.u.c.D.rejectedExecution              : Failed to submit a listener notification task. Event loop shut down?

java.util.concurrent.RejectedExecutionException: event executor terminated
	at io.netty.util.concurrent.SingleThreadEventExecutor.reject(SingleThreadEventExecutor.java:1125) ~[netty-common-4.2.10.Final.jar:4.2.10.Final]
	at io.netty.util.concurrent.SingleThreadEventExecutor.offerTask(SingleThreadEventExecutor.java:413) ~[netty-common-4.2.10.Final.jar:4.2.10.Final]
	at io.netty.util.concurrent.SingleThreadEventExecutor.addTask(SingleThreadEventExecutor.java:406) ~[netty-common-4.2.10.Final.jar:4.2.10.Final]
	at io.netty.util.concurrent.SingleThreadEventExecutor.execute(SingleThreadEventExecutor.java:1027) ~[netty-common-4.2.10.Final.jar:4.2.10.Final]
	at io.netty.util.concurrent.SingleThreadEventExecutor.execute0(SingleThreadEventExecutor.java:993) ~[netty-common-4.2.10.Final.jar:4.2.10.Final]
	at io.netty.util.concurrent.SingleThreadEventExecutor.execute(SingleThreadEventExecutor.java:983) ~[netty-common-4.2.10.Final.jar:4.2.10.Final]
	at io.netty.util.concurrent.DefaultPromise.safeExecute(DefaultPromise.java:879) ~[netty-common-4.2.10.Final.jar:4.2.10.Final]
	at io.netty.util.concurrent.DefaultPromise.notifyListeners(DefaultPromise.java:514) ~[netty-common-4.2.10.Final.jar:4.2.10.Final]
	at io.netty.util.concurrent.DefaultPromise.addListener(DefaultPromise.java:199) ~[netty-common-4.2.10.Final.jar:4.2.10.Final]
	at io.netty.channel.DefaultChannelPromise.addListener(DefaultChannelPromise.java:95) ~[netty-transport-4.2.10.Final.jar:4.2.10.Final]
	at io.netty.channel.DefaultChannelPromise.addListener(DefaultChannelPromise.java:30) ~[netty-transport-4.2.10.Final.jar:4.2.10.Final]
	at io.lettuce.core.protocol.RedisHandshakeHandler.fail(RedisHandshakeHandler.java:123) ~[lettuce-core-6.8.2.RELEASE.jar:6.8.2.RELEASE/34f8700]
	at io.lettuce.core.protocol.RedisHandshakeHandler.lambda$channelRegistered$0(RedisHandshakeHandler.java:51) ~[lettuce-core-6.8.2.RELEASE.jar:6.8.2.RELEASE/34f8700]
	at io.netty.util.concurrent.PromiseTask.runTask(PromiseTask.java:98) ~[netty-common-4.2.10.Final.jar:4.2.10.Final]
	at io.netty.util.concurrent.PromiseTask.run(PromiseTask.java:106) ~[netty-common-4.2.10.Final.jar:4.2.10.Final]
	at io.netty.util.concurrent.AbstractEventExecutor.runTask(AbstractEventExecutor.java:148) ~[netty-common-4.2.10.Final.jar:4.2.10.Final]
	at io.netty.util.concurrent.DefaultEventExecutor.run(DefaultEventExecutor.java:66) ~[netty-common-4.2.10.Final.jar:4.2.10.Final]
	at io.netty.util.concurrent.SingleThreadEventExecutor$5.run(SingleThreadEventExecutor.java:1195) ~[netty-common-4.2.10.Final.jar:4.2.10.Final]
	at io.netty.util.internal.ThreadExecutorMap$2.run(ThreadExecutorMap.java:74) ~[netty-common-4.2.10.Final.jar:4.2.10.Final]
	at io.netty.util.concurrent.FastThreadLocalRunnable.run(FastThreadLocalRunnable.java:30) ~[netty-common-4.2.10.Final.jar:4.2.10.Final]
	at java.base/java.lang.Thread.run(Thread.java:1583) ~[na:na]

2026-04-05T19:39:36.148+03:00 ERROR 6236 --- [market] [xecutorLoop-5-3] i.n.u.c.D.rejectedExecution              : Failed to submit a listener notification task. Event loop shut down?

java.util.concurrent.RejectedExecutionException: event executor terminated
	at io.netty.util.concurrent.SingleThreadEventExecutor.reject(SingleThreadEventExecutor.java:1125) ~[netty-common-4.2.10.Final.jar:4.2.10.Final]
	at io.netty.util.concurrent.SingleThreadEventExecutor.offerTask(SingleThreadEventExecutor.java:413) ~[netty-common-4.2.10.Final.jar:4.2.10.Final]
	at io.netty.util.concurrent.SingleThreadEventExecutor.addTask(SingleThreadEventExecutor.java:406) ~[netty-common-4.2.10.Final.jar:4.2.10.Final]
	at io.netty.util.concurrent.SingleThreadEventExecutor.execute(SingleThreadEventExecutor.java:1027) ~[netty-common-4.2.10.Final.jar:4.2.10.Final]
	at io.netty.util.concurrent.SingleThreadEventExecutor.execute0(SingleThreadEventExecutor.java:993) ~[netty-common-4.2.10.Final.jar:4.2.10.Final]
	at io.netty.util.concurrent.SingleThreadEventExecutor.execute(SingleThreadEventExecutor.java:983) ~[netty-common-4.2.10.Final.jar:4.2.10.Final]
	at io.netty.util.concurrent.DefaultPromise.safeExecute(DefaultPromise.java:879) ~[netty-common-4.2.10.Final.jar:4.2.10.Final]
	at io.netty.util.concurrent.DefaultPromise.notifyListeners(DefaultPromise.java:514) ~[netty-common-4.2.10.Final.jar:4.2.10.Final]
	at io.netty.util.concurrent.DefaultPromise.addListener(DefaultPromise.java:199) ~[netty-common-4.2.10.Final.jar:4.2.10.Final]
	at io.netty.channel.DefaultChannelPromise.addListener(DefaultChannelPromise.java:95) ~[netty-transport-4.2.10.Final.jar:4.2.10.Final]
	at io.netty.channel.DefaultChannelPromise.addListener(DefaultChannelPromise.java:30) ~[netty-transport-4.2.10.Final.jar:4.2.10.Final]
	at io.lettuce.core.protocol.RedisHandshakeHandler.fail(RedisHandshakeHandler.java:123) ~[lettuce-core-6.8.2.RELEASE.jar:6.8.2.RELEASE/34f8700]
	at io.lettuce.core.protocol.RedisHandshakeHandler.lambda$channelRegistered$0(RedisHandshakeHandler.java:51) ~[lettuce-core-6.8.2.RELEASE.jar:6.8.2.RELEASE/34f8700]
	at io.netty.util.concurrent.PromiseTask.runTask(PromiseTask.java:98) ~[netty-common-4.2.10.Final.jar:4.2.10.Final]
	at io.netty.util.concurrent.PromiseTask.run(PromiseTask.java:106) ~[netty-common-4.2.10.Final.jar:4.2.10.Final]
	at io.netty.util.concurrent.AbstractEventExecutor.runTask(AbstractEventExecutor.java:148) ~[netty-common-4.2.10.Final.jar:4.2.10.Final]
	at io.netty.util.concurrent.DefaultEventExecutor.run(DefaultEventExecutor.java:66) ~[netty-common-4.2.10.Final.jar:4.2.10.Final]
	at io.netty.util.concurrent.SingleThreadEventExecutor$5.run(SingleThreadEventExecutor.java:1195) ~[netty-common-4.2.10.Final.jar:4.2.10.Final]
	at io.netty.util.internal.ThreadExecutorMap$2.run(ThreadExecutorMap.java:74) ~[netty-common-4.2.10.Final.jar:4.2.10.Final]
	at io.netty.util.concurrent.FastThreadLocalRunnable.run(FastThreadLocalRunnable.java:30) ~[netty-common-4.2.10.Final.jar:4.2.10.Final]
	at java.base/java.lang.Thread.run(Thread.java:1583) ~[na:na]

2026-04-05T19:39:36.148+03:00 ERROR 6236 --- [market] [xecutorLoop-5-1] i.n.u.c.D.rejectedExecution              : Failed to submit a listener notification task. Event loop shut down?

java.util.concurrent.RejectedExecutionException: event executor terminated
	at io.netty.util.concurrent.SingleThreadEventExecutor.reject(SingleThreadEventExecutor.java:1125) ~[netty-common-4.2.10.Final.jar:4.2.10.Final]
	at io.netty.util.concurrent.SingleThreadEventExecutor.offerTask(SingleThreadEventExecutor.java:413) ~[netty-common-4.2.10.Final.jar:4.2.10.Final]
	at io.netty.util.concurrent.SingleThreadEventExecutor.addTask(SingleThreadEventExecutor.java:406) ~[netty-common-4.2.10.Final.jar:4.2.10.Final]
	at io.netty.util.concurrent.SingleThreadEventExecutor.execute(SingleThreadEventExecutor.java:1027) ~[netty-common-4.2.10.Final.jar:4.2.10.Final]
	at io.netty.util.concurrent.SingleThreadEventExecutor.execute0(SingleThreadEventExecutor.java:993) ~[netty-common-4.2.10.Final.jar:4.2.10.Final]
	at io.netty.util.concurrent.SingleThreadEventExecutor.execute(SingleThreadEventExecutor.java:983) ~[netty-common-4.2.10.Final.jar:4.2.10.Final]
	at io.netty.util.concurrent.DefaultPromise.safeExecute(DefaultPromise.java:879) ~[netty-common-4.2.10.Final.jar:4.2.10.Final]
	at io.netty.util.concurrent.DefaultPromise.notifyListeners(DefaultPromise.java:514) ~[netty-common-4.2.10.Final.jar:4.2.10.Final]
	at io.netty.util.concurrent.DefaultPromise.addListener(DefaultPromise.java:199) ~[netty-common-4.2.10.Final.jar:4.2.10.Final]
	at io.netty.channel.DefaultChannelPromise.addListener(DefaultChannelPromise.java:95) ~[netty-transport-4.2.10.Final.jar:4.2.10.Final]
	at io.netty.channel.DefaultChannelPromise.addListener(DefaultChannelPromise.java:30) ~[netty-transport-4.2.10.Final.jar:4.2.10.Final]
	at io.lettuce.core.protocol.RedisHandshakeHandler.fail(RedisHandshakeHandler.java:123) ~[lettuce-core-6.8.2.RELEASE.jar:6.8.2.RELEASE/34f8700]
	at io.lettuce.core.protocol.RedisHandshakeHandler.lambda$channelRegistered$0(RedisHandshakeHandler.java:51) ~[lettuce-core-6.8.2.RELEASE.jar:6.8.2.RELEASE/34f8700]
	at io.netty.util.concurrent.PromiseTask.runTask(PromiseTask.java:98) ~[netty-common-4.2.10.Final.jar:4.2.10.Final]
	at io.netty.util.concurrent.PromiseTask.run(PromiseTask.java:106) ~[netty-common-4.2.10.Final.jar:4.2.10.Final]
	at io.netty.util.concurrent.AbstractEventExecutor.runTask(AbstractEventExecutor.java:148) ~[netty-common-4.2.10.Final.jar:4.2.10.Final]
	at io.netty.util.concurrent.DefaultEventExecutor.run(DefaultEventExecutor.java:66) ~[netty-common-4.2.10.Final.jar:4.2.10.Final]
	at io.netty.util.concurrent.SingleThreadEventExecutor$5.run(SingleThreadEventExecutor.java:1195) ~[netty-common-4.2.10.Final.jar:4.2.10.Final]
	at io.netty.util.internal.ThreadExecutorMap$2.run(ThreadExecutorMap.java:74) ~[netty-common-4.2.10.Final.jar:4.2.10.Final]
	at io.netty.util.concurrent.FastThreadLocalRunnable.run(FastThreadLocalRunnable.java:30) ~[netty-common-4.2.10.Final.jar:4.2.10.Final]
	at java.base/java.lang.Thread.run(Thread.java:1583) ~[na:na]

2026-04-05T19:39:36.258+03:00 ERROR 6236 --- [market] [xecutorLoop-5-5] i.n.u.c.D.rejectedExecution              : Failed to submit a listener notification task. Event loop shut down?

java.util.concurrent.RejectedExecutionException: event executor terminated
	at io.netty.util.concurrent.SingleThreadEventExecutor.reject(SingleThreadEventExecutor.java:1125) ~[netty-common-4.2.10.Final.jar:4.2.10.Final]
	at io.netty.util.concurrent.SingleThreadEventExecutor.offerTask(SingleThreadEventExecutor.java:413) ~[netty-common-4.2.10.Final.jar:4.2.10.Final]
	at io.netty.util.concurrent.SingleThreadEventExecutor.addTask(SingleThreadEventExecutor.java:406) ~[netty-common-4.2.10.Final.jar:4.2.10.Final]
	at io.netty.util.concurrent.SingleThreadEventExecutor.execute(SingleThreadEventExecutor.java:1027) ~[netty-common-4.2.10.Final.jar:4.2.10.Final]
	at io.netty.util.concurrent.SingleThreadEventExecutor.execute0(SingleThreadEventExecutor.java:993) ~[netty-common-4.2.10.Final.jar:4.2.10.Final]
	at io.netty.util.concurrent.SingleThreadEventExecutor.execute(SingleThreadEventExecutor.java:983) ~[netty-common-4.2.10.Final.jar:4.2.10.Final]
	at io.netty.util.concurrent.DefaultPromise.safeExecute(DefaultPromise.java:879) ~[netty-common-4.2.10.Final.jar:4.2.10.Final]
	at io.netty.util.concurrent.DefaultPromise.notifyListeners(DefaultPromise.java:514) ~[netty-common-4.2.10.Final.jar:4.2.10.Final]
	at io.netty.util.concurrent.DefaultPromise.addListener(DefaultPromise.java:199) ~[netty-common-4.2.10.Final.jar:4.2.10.Final]
	at io.netty.channel.DefaultChannelPromise.addListener(DefaultChannelPromise.java:95) ~[netty-transport-4.2.10.Final.jar:4.2.10.Final]
	at io.netty.channel.DefaultChannelPromise.addListener(DefaultChannelPromise.java:30) ~[netty-transport-4.2.10.Final.jar:4.2.10.Final]
	at io.lettuce.core.protocol.RedisHandshakeHandler.fail(RedisHandshakeHandler.java:123) ~[lettuce-core-6.8.2.RELEASE.jar:6.8.2.RELEASE/34f8700]
	at io.lettuce.core.protocol.RedisHandshakeHandler.lambda$channelRegistered$0(RedisHandshakeHandler.java:51) ~[lettuce-core-6.8.2.RELEASE.jar:6.8.2.RELEASE/34f8700]
	at io.netty.util.concurrent.PromiseTask.runTask(PromiseTask.java:98) ~[netty-common-4.2.10.Final.jar:4.2.10.Final]
	at io.netty.util.concurrent.PromiseTask.run(PromiseTask.java:106) ~[netty-common-4.2.10.Final.jar:4.2.10.Final]
	at io.netty.util.concurrent.AbstractEventExecutor.runTask(AbstractEventExecutor.java:148) ~[netty-common-4.2.10.Final.jar:4.2.10.Final]
	at io.netty.util.concurrent.DefaultEventExecutor.run(DefaultEventExecutor.java:66) ~[netty-common-4.2.10.Final.jar:4.2.10.Final]
	at io.netty.util.concurrent.SingleThreadEventExecutor$5.run(SingleThreadEventExecutor.java:1195) ~[netty-common-4.2.10.Final.jar:4.2.10.Final]
	at io.netty.util.internal.ThreadExecutorMap$2.run(ThreadExecutorMap.java:74) ~[netty-common-4.2.10.Final.jar:4.2.10.Final]
	at io.netty.util.concurrent.FastThreadLocalRunnable.run(FastThreadLocalRunnable.java:30) ~[netty-common-4.2.10.Final.jar:4.2.10.Final]
	at java.base/java.lang.Thread.run(Thread.java:1583) ~[na:na]

2026-04-05T19:39:36.258+03:00 ERROR 6236 --- [market] [xecutorLoop-5-4] i.n.u.c.D.rejectedExecution              : Failed to submit a listener notification task. Event loop shut down?

java.util.concurrent.RejectedExecutionException: event executor terminated
	at io.netty.util.concurrent.SingleThreadEventExecutor.reject(SingleThreadEventExecutor.java:1125) ~[netty-common-4.2.10.Final.jar:4.2.10.Final]
	at io.netty.util.concurrent.SingleThreadEventExecutor.offerTask(SingleThreadEventExecutor.java:413) ~[netty-common-4.2.10.Final.jar:4.2.10.Final]
	at io.netty.util.concurrent.SingleThreadEventExecutor.addTask(SingleThreadEventExecutor.java:406) ~[netty-common-4.2.10.Final.jar:4.2.10.Final]
	at io.netty.util.concurrent.SingleThreadEventExecutor.execute(SingleThreadEventExecutor.java:1027) ~[netty-common-4.2.10.Final.jar:4.2.10.Final]
	at io.netty.util.concurrent.SingleThreadEventExecutor.execute0(SingleThreadEventExecutor.java:993) ~[netty-common-4.2.10.Final.jar:4.2.10.Final]
	at io.netty.util.concurrent.SingleThreadEventExecutor.execute(SingleThreadEventExecutor.java:983) ~[netty-common-4.2.10.Final.jar:4.2.10.Final]
	at io.netty.util.concurrent.DefaultPromise.safeExecute(DefaultPromise.java:879) ~[netty-common-4.2.10.Final.jar:4.2.10.Final]
	at io.netty.util.concurrent.DefaultPromise.notifyListeners(DefaultPromise.java:514) ~[netty-common-4.2.10.Final.jar:4.2.10.Final]
	at io.netty.util.concurrent.DefaultPromise.addListener(DefaultPromise.java:199) ~[netty-common-4.2.10.Final.jar:4.2.10.Final]
	at io.netty.channel.DefaultChannelPromise.addListener(DefaultChannelPromise.java:95) ~[netty-transport-4.2.10.Final.jar:4.2.10.Final]
	at io.netty.channel.DefaultChannelPromise.addListener(DefaultChannelPromise.java:30) ~[netty-transport-4.2.10.Final.jar:4.2.10.Final]
	at io.lettuce.core.protocol.RedisHandshakeHandler.fail(RedisHandshakeHandler.java:123) ~[lettuce-core-6.8.2.RELEASE.jar:6.8.2.RELEASE/34f8700]
	at io.lettuce.core.protocol.RedisHandshakeHandler.lambda$channelRegistered$0(RedisHandshakeHandler.java:51) ~[lettuce-core-6.8.2.RELEASE.jar:6.8.2.RELEASE/34f8700]
	at io.netty.util.concurrent.PromiseTask.runTask(PromiseTask.java:98) ~[netty-common-4.2.10.Final.jar:4.2.10.Final]
	at io.netty.util.concurrent.PromiseTask.run(PromiseTask.java:106) ~[netty-common-4.2.10.Final.jar:4.2.10.Final]
	at io.netty.util.concurrent.AbstractEventExecutor.runTask(AbstractEventExecutor.java:148) ~[netty-common-4.2.10.Final.jar:4.2.10.Final]
	at io.netty.util.concurrent.DefaultEventExecutor.run(DefaultEventExecutor.java:66) ~[netty-common-4.2.10.Final.jar:4.2.10.Final]
	at io.netty.util.concurrent.SingleThreadEventExecutor$5.run(SingleThreadEventExecutor.java:1195) ~[netty-common-4.2.10.Final.jar:4.2.10.Final]
	at io.netty.util.internal.ThreadExecutorMap$2.run(ThreadExecutorMap.java:74) ~[netty-common-4.2.10.Final.jar:4.2.10.Final]
	at io.netty.util.concurrent.FastThreadLocalRunnable.run(FastThreadLocalRunnable.java:30) ~[netty-common-4.2.10.Final.jar:4.2.10.Final]
	at java.base/java.lang.Thread.run(Thread.java:1583) ~[na:na]

2026-04-05T19:39:36.258+03:00 ERROR 6236 --- [market] [xecutorLoop-5-6] i.n.u.c.D.rejectedExecution              : Failed to submit a listener notification task. Event loop shut down?

java.util.concurrent.RejectedExecutionException: event executor terminated
	at io.netty.util.concurrent.SingleThreadEventExecutor.reject(SingleThreadEventExecutor.java:1125) ~[netty-common-4.2.10.Final.jar:4.2.10.Final]
	at io.netty.util.concurrent.SingleThreadEventExecutor.offerTask(SingleThreadEventExecutor.java:413) ~[netty-common-4.2.10.Final.jar:4.2.10.Final]
	at io.netty.util.concurrent.SingleThreadEventExecutor.addTask(SingleThreadEventExecutor.java:406) ~[netty-common-4.2.10.Final.jar:4.2.10.Final]
	at io.netty.util.concurrent.SingleThreadEventExecutor.execute(SingleThreadEventExecutor.java:1027) ~[netty-common-4.2.10.Final.jar:4.2.10.Final]
	at io.netty.util.concurrent.SingleThreadEventExecutor.execute0(SingleThreadEventExecutor.java:993) ~[netty-common-4.2.10.Final.jar:4.2.10.Final]
	at io.netty.util.concurrent.SingleThreadEventExecutor.execute(SingleThreadEventExecutor.java:983) ~[netty-common-4.2.10.Final.jar:4.2.10.Final]
	at io.netty.util.concurrent.DefaultPromise.safeExecute(DefaultPromise.java:879) ~[netty-common-4.2.10.Final.jar:4.2.10.Final]
	at io.netty.util.concurrent.DefaultPromise.notifyListeners(DefaultPromise.java:514) ~[netty-common-4.2.10.Final.jar:4.2.10.Final]
	at io.netty.util.concurrent.DefaultPromise.addListener(DefaultPromise.java:199) ~[netty-common-4.2.10.Final.jar:4.2.10.Final]
	at io.netty.channel.DefaultChannelPromise.addListener(DefaultChannelPromise.java:95) ~[netty-transport-4.2.10.Final.jar:4.2.10.Final]
	at io.netty.channel.DefaultChannelPromise.addListener(DefaultChannelPromise.java:30) ~[netty-transport-4.2.10.Final.jar:4.2.10.Final]
	at io.lettuce.core.protocol.RedisHandshakeHandler.fail(RedisHandshakeHandler.java:123) ~[lettuce-core-6.8.2.RELEASE.jar:6.8.2.RELEASE/34f8700]
	at io.lettuce.core.protocol.RedisHandshakeHandler.lambda$channelRegistered$0(RedisHandshakeHandler.java:51) ~[lettuce-core-6.8.2.RELEASE.jar:6.8.2.RELEASE/34f8700]
	at io.netty.util.concurrent.PromiseTask.runTask(PromiseTask.java:98) ~[netty-common-4.2.10.Final.jar:4.2.10.Final]
	at io.netty.util.concurrent.PromiseTask.run(PromiseTask.java:106) ~[netty-common-4.2.10.Final.jar:4.2.10.Final]
	at io.netty.util.concurrent.AbstractEventExecutor.runTask(AbstractEventExecutor.java:148) ~[netty-common-4.2.10.Final.jar:4.2.10.Final]
	at io.netty.util.concurrent.DefaultEventExecutor.run(DefaultEventExecutor.java:66) ~[netty-common-4.2.10.Final.jar:4.2.10.Final]
	at io.netty.util.concurrent.SingleThreadEventExecutor$5.run(SingleThreadEventExecutor.java:1195) ~[netty-common-4.2.10.Final.jar:4.2.10.Final]
	at io.netty.util.internal.ThreadExecutorMap$2.run(ThreadExecutorMap.java:74) ~[netty-common-4.2.10.Final.jar:4.2.10.Final]
	at io.netty.util.concurrent.FastThreadLocalRunnable.run(FastThreadLocalRunnable.java:30) ~[netty-common-4.2.10.Final.jar:4.2.10.Final]
	at java.base/java.lang.Thread.run(Thread.java:1583) ~[na:na]

2026-04-05T19:39:36.332+03:00  INFO 6236 --- [market] [tream-427658662] tc.quay.io/keycloak/keycloak:22.0.1      : STDOUT: Updating the configuration and installing your custom providers, if any. Please wait.
2026-04-05T19:39:36.350+03:00 ERROR 6236 --- [market] [xecutorLoop-5-8] i.n.u.c.D.rejectedExecution              : Failed to submit a listener notification task. Event loop shut down?

java.util.concurrent.RejectedExecutionException: event executor terminated
	at io.netty.util.concurrent.SingleThreadEventExecutor.reject(SingleThreadEventExecutor.java:1125) ~[netty-common-4.2.10.Final.jar:4.2.10.Final]
	at io.netty.util.concurrent.SingleThreadEventExecutor.offerTask(SingleThreadEventExecutor.java:413) ~[netty-common-4.2.10.Final.jar:4.2.10.Final]
	at io.netty.util.concurrent.SingleThreadEventExecutor.addTask(SingleThreadEventExecutor.java:406) ~[netty-common-4.2.10.Final.jar:4.2.10.Final]
	at io.netty.util.concurrent.SingleThreadEventExecutor.execute(SingleThreadEventExecutor.java:1027) ~[netty-common-4.2.10.Final.jar:4.2.10.Final]
	at io.netty.util.concurrent.SingleThreadEventExecutor.execute0(SingleThreadEventExecutor.java:993) ~[netty-common-4.2.10.Final.jar:4.2.10.Final]
	at io.netty.util.concurrent.SingleThreadEventExecutor.execute(SingleThreadEventExecutor.java:983) ~[netty-common-4.2.10.Final.jar:4.2.10.Final]
	at io.netty.util.concurrent.DefaultPromise.safeExecute(DefaultPromise.java:879) ~[netty-common-4.2.10.Final.jar:4.2.10.Final]
	at io.netty.util.concurrent.DefaultPromise.notifyListeners(DefaultPromise.java:514) ~[netty-common-4.2.10.Final.jar:4.2.10.Final]
	at io.netty.util.concurrent.DefaultPromise.addListener(DefaultPromise.java:199) ~[netty-common-4.2.10.Final.jar:4.2.10.Final]
	at io.netty.channel.DefaultChannelPromise.addListener(DefaultChannelPromise.java:95) ~[netty-transport-4.2.10.Final.jar:4.2.10.Final]
	at io.netty.channel.DefaultChannelPromise.addListener(DefaultChannelPromise.java:30) ~[netty-transport-4.2.10.Final.jar:4.2.10.Final]
	at io.lettuce.core.protocol.RedisHandshakeHandler.fail(RedisHandshakeHandler.java:123) ~[lettuce-core-6.8.2.RELEASE.jar:6.8.2.RELEASE/34f8700]
	at io.lettuce.core.protocol.RedisHandshakeHandler.lambda$channelRegistered$0(RedisHandshakeHandler.java:51) ~[lettuce-core-6.8.2.RELEASE.jar:6.8.2.RELEASE/34f8700]
	at io.netty.util.concurrent.PromiseTask.runTask(PromiseTask.java:98) ~[netty-common-4.2.10.Final.jar:4.2.10.Final]
	at io.netty.util.concurrent.PromiseTask.run(PromiseTask.java:106) ~[netty-common-4.2.10.Final.jar:4.2.10.Final]
	at io.netty.util.concurrent.AbstractEventExecutor.runTask(AbstractEventExecutor.java:148) ~[netty-common-4.2.10.Final.jar:4.2.10.Final]
	at io.netty.util.concurrent.DefaultEventExecutor.run(DefaultEventExecutor.java:66) ~[netty-common-4.2.10.Final.jar:4.2.10.Final]
	at io.netty.util.concurrent.SingleThreadEventExecutor$5.run(SingleThreadEventExecutor.java:1195) ~[netty-common-4.2.10.Final.jar:4.2.10.Final]
	at io.netty.util.internal.ThreadExecutorMap$2.run(ThreadExecutorMap.java:74) ~[netty-common-4.2.10.Final.jar:4.2.10.Final]
	at io.netty.util.concurrent.FastThreadLocalRunnable.run(FastThreadLocalRunnable.java:30) ~[netty-common-4.2.10.Final.jar:4.2.10.Final]
	at java.base/java.lang.Thread.run(Thread.java:1583) ~[na:na]

2026-04-05T19:39:36.350+03:00 ERROR 6236 --- [market] [xecutorLoop-5-7] i.n.u.c.D.rejectedExecution              : Failed to submit a listener notification task. Event loop shut down?

java.util.concurrent.RejectedExecutionException: event executor terminated
	at io.netty.util.concurrent.SingleThreadEventExecutor.reject(SingleThreadEventExecutor.java:1125) ~[netty-common-4.2.10.Final.jar:4.2.10.Final]
	at io.netty.util.concurrent.SingleThreadEventExecutor.offerTask(SingleThreadEventExecutor.java:413) ~[netty-common-4.2.10.Final.jar:4.2.10.Final]
	at io.netty.util.concurrent.SingleThreadEventExecutor.addTask(SingleThreadEventExecutor.java:406) ~[netty-common-4.2.10.Final.jar:4.2.10.Final]
	at io.netty.util.concurrent.SingleThreadEventExecutor.execute(SingleThreadEventExecutor.java:1027) ~[netty-common-4.2.10.Final.jar:4.2.10.Final]
	at io.netty.util.concurrent.SingleThreadEventExecutor.execute0(SingleThreadEventExecutor.java:993) ~[netty-common-4.2.10.Final.jar:4.2.10.Final]
	at io.netty.util.concurrent.SingleThreadEventExecutor.execute(SingleThreadEventExecutor.java:983) ~[netty-common-4.2.10.Final.jar:4.2.10.Final]
	at io.netty.util.concurrent.DefaultPromise.safeExecute(DefaultPromise.java:879) ~[netty-common-4.2.10.Final.jar:4.2.10.Final]
	at io.netty.util.concurrent.DefaultPromise.notifyListeners(DefaultPromise.java:514) ~[netty-common-4.2.10.Final.jar:4.2.10.Final]
	at io.netty.util.concurrent.DefaultPromise.addListener(DefaultPromise.java:199) ~[netty-common-4.2.10.Final.jar:4.2.10.Final]
	at io.netty.channel.DefaultChannelPromise.addListener(DefaultChannelPromise.java:95) ~[netty-transport-4.2.10.Final.jar:4.2.10.Final]
	at io.netty.channel.DefaultChannelPromise.addListener(DefaultChannelPromise.java:30) ~[netty-transport-4.2.10.Final.jar:4.2.10.Final]
	at io.lettuce.core.protocol.RedisHandshakeHandler.fail(RedisHandshakeHandler.java:123) ~[lettuce-core-6.8.2.RELEASE.jar:6.8.2.RELEASE/34f8700]
	at io.lettuce.core.protocol.RedisHandshakeHandler.lambda$channelRegistered$0(RedisHandshakeHandler.java:51) ~[lettuce-core-6.8.2.RELEASE.jar:6.8.2.RELEASE/34f8700]
	at io.netty.util.concurrent.PromiseTask.runTask(PromiseTask.java:98) ~[netty-common-4.2.10.Final.jar:4.2.10.Final]
	at io.netty.util.concurrent.PromiseTask.run(PromiseTask.java:106) ~[netty-common-4.2.10.Final.jar:4.2.10.Final]
	at io.netty.util.concurrent.AbstractEventExecutor.runTask(AbstractEventExecutor.java:148) ~[netty-common-4.2.10.Final.jar:4.2.10.Final]
	at io.netty.util.concurrent.DefaultEventExecutor.run(DefaultEventExecutor.java:66) ~[netty-common-4.2.10.Final.jar:4.2.10.Final]
	at io.netty.util.concurrent.SingleThreadEventExecutor$5.run(SingleThreadEventExecutor.java:1195) ~[netty-common-4.2.10.Final.jar:4.2.10.Final]
	at io.netty.util.internal.ThreadExecutorMap$2.run(ThreadExecutorMap.java:74) ~[netty-common-4.2.10.Final.jar:4.2.10.Final]
	at io.netty.util.concurrent.FastThreadLocalRunnable.run(FastThreadLocalRunnable.java:30) ~[netty-common-4.2.10.Final.jar:4.2.10.Final]
	at java.base/java.lang.Thread.run(Thread.java:1583) ~[na:na]

2026-04-05T19:39:36.350+03:00 ERROR 6236 --- [market] [xecutorLoop-5-9] i.n.u.c.D.rejectedExecution              : Failed to submit a listener notification task. Event loop shut down?

java.util.concurrent.RejectedExecutionException: event executor terminated
	at io.netty.util.concurrent.SingleThreadEventExecutor.reject(SingleThreadEventExecutor.java:1125) ~[netty-common-4.2.10.Final.jar:4.2.10.Final]
	at io.netty.util.concurrent.SingleThreadEventExecutor.offerTask(SingleThreadEventExecutor.java:413) ~[netty-common-4.2.10.Final.jar:4.2.10.Final]
	at io.netty.util.concurrent.SingleThreadEventExecutor.addTask(SingleThreadEventExecutor.java:406) ~[netty-common-4.2.10.Final.jar:4.2.10.Final]
	at io.netty.util.concurrent.SingleThreadEventExecutor.execute(SingleThreadEventExecutor.java:1027) ~[netty-common-4.2.10.Final.jar:4.2.10.Final]
	at io.netty.util.concurrent.SingleThreadEventExecutor.execute0(SingleThreadEventExecutor.java:993) ~[netty-common-4.2.10.Final.jar:4.2.10.Final]
	at io.netty.util.concurrent.SingleThreadEventExecutor.execute(SingleThreadEventExecutor.java:983) ~[netty-common-4.2.10.Final.jar:4.2.10.Final]
	at io.netty.util.concurrent.DefaultPromise.safeExecute(DefaultPromise.java:879) ~[netty-common-4.2.10.Final.jar:4.2.10.Final]
	at io.netty.util.concurrent.DefaultPromise.notifyListeners(DefaultPromise.java:514) ~[netty-common-4.2.10.Final.jar:4.2.10.Final]
	at io.netty.util.concurrent.DefaultPromise.addListener(DefaultPromise.java:199) ~[netty-common-4.2.10.Final.jar:4.2.10.Final]
	at io.netty.channel.DefaultChannelPromise.addListener(DefaultChannelPromise.java:95) ~[netty-transport-4.2.10.Final.jar:4.2.10.Final]
	at io.netty.channel.DefaultChannelPromise.addListener(DefaultChannelPromise.java:30) ~[netty-transport-4.2.10.Final.jar:4.2.10.Final]
	at io.lettuce.core.protocol.RedisHandshakeHandler.fail(RedisHandshakeHandler.java:123) ~[lettuce-core-6.8.2.RELEASE.jar:6.8.2.RELEASE/34f8700]
	at io.lettuce.core.protocol.RedisHandshakeHandler.lambda$channelRegistered$0(RedisHandshakeHandler.java:51) ~[lettuce-core-6.8.2.RELEASE.jar:6.8.2.RELEASE/34f8700]
	at io.netty.util.concurrent.PromiseTask.runTask(PromiseTask.java:98) ~[netty-common-4.2.10.Final.jar:4.2.10.Final]
	at io.netty.util.concurrent.PromiseTask.run(PromiseTask.java:106) ~[netty-common-4.2.10.Final.jar:4.2.10.Final]
	at io.netty.util.concurrent.AbstractEventExecutor.runTask(AbstractEventExecutor.java:148) ~[netty-common-4.2.10.Final.jar:4.2.10.Final]
	at io.netty.util.concurrent.DefaultEventExecutor.run(DefaultEventExecutor.java:66) ~[netty-common-4.2.10.Final.jar:4.2.10.Final]
	at io.netty.util.concurrent.SingleThreadEventExecutor$5.run(SingleThreadEventExecutor.java:1195) ~[netty-common-4.2.10.Final.jar:4.2.10.Final]
	at io.netty.util.internal.ThreadExecutorMap$2.run(ThreadExecutorMap.java:74) ~[netty-common-4.2.10.Final.jar:4.2.10.Final]
	at io.netty.util.concurrent.FastThreadLocalRunnable.run(FastThreadLocalRunnable.java:30) ~[netty-common-4.2.10.Final.jar:4.2.10.Final]
	at java.base/java.lang.Thread.run(Thread.java:1583) ~[na:na]

2026-04-05T19:39:36.448+03:00 ERROR 6236 --- [market] [ecutorLoop-5-11] i.n.u.c.D.rejectedExecution              : Failed to submit a listener notification task. Event loop shut down?

java.util.concurrent.RejectedExecutionException: event executor terminated
	at io.netty.util.concurrent.SingleThreadEventExecutor.reject(SingleThreadEventExecutor.java:1125) ~[netty-common-4.2.10.Final.jar:4.2.10.Final]
	at io.netty.util.concurrent.SingleThreadEventExecutor.offerTask(SingleThreadEventExecutor.java:413) ~[netty-common-4.2.10.Final.jar:4.2.10.Final]
	at io.netty.util.concurrent.SingleThreadEventExecutor.addTask(SingleThreadEventExecutor.java:406) ~[netty-common-4.2.10.Final.jar:4.2.10.Final]
	at io.netty.util.concurrent.SingleThreadEventExecutor.execute(SingleThreadEventExecutor.java:1027) ~[netty-common-4.2.10.Final.jar:4.2.10.Final]
	at io.netty.util.concurrent.SingleThreadEventExecutor.execute0(SingleThreadEventExecutor.java:993) ~[netty-common-4.2.10.Final.jar:4.2.10.Final]
	at io.netty.util.concurrent.SingleThreadEventExecutor.execute(SingleThreadEventExecutor.java:983) ~[netty-common-4.2.10.Final.jar:4.2.10.Final]
	at io.netty.util.concurrent.DefaultPromise.safeExecute(DefaultPromise.java:879) ~[netty-common-4.2.10.Final.jar:4.2.10.Final]
	at io.netty.util.concurrent.DefaultPromise.notifyListeners(DefaultPromise.java:514) ~[netty-common-4.2.10.Final.jar:4.2.10.Final]
	at io.netty.util.concurrent.DefaultPromise.addListener(DefaultPromise.java:199) ~[netty-common-4.2.10.Final.jar:4.2.10.Final]
	at io.netty.channel.DefaultChannelPromise.addListener(DefaultChannelPromise.java:95) ~[netty-transport-4.2.10.Final.jar:4.2.10.Final]
	at io.netty.channel.DefaultChannelPromise.addListener(DefaultChannelPromise.java:30) ~[netty-transport-4.2.10.Final.jar:4.2.10.Final]
	at io.lettuce.core.protocol.RedisHandshakeHandler.fail(RedisHandshakeHandler.java:123) ~[lettuce-core-6.8.2.RELEASE.jar:6.8.2.RELEASE/34f8700]
	at io.lettuce.core.protocol.RedisHandshakeHandler.lambda$channelRegistered$0(RedisHandshakeHandler.java:51) ~[lettuce-core-6.8.2.RELEASE.jar:6.8.2.RELEASE/34f8700]
	at io.netty.util.concurrent.PromiseTask.runTask(PromiseTask.java:98) ~[netty-common-4.2.10.Final.jar:4.2.10.Final]
	at io.netty.util.concurrent.PromiseTask.run(PromiseTask.java:106) ~[netty-common-4.2.10.Final.jar:4.2.10.Final]
	at io.netty.util.concurrent.AbstractEventExecutor.runTask(AbstractEventExecutor.java:148) ~[netty-common-4.2.10.Final.jar:4.2.10.Final]
	at io.netty.util.concurrent.DefaultEventExecutor.run(DefaultEventExecutor.java:66) ~[netty-common-4.2.10.Final.jar:4.2.10.Final]
	at io.netty.util.concurrent.SingleThreadEventExecutor$5.run(SingleThreadEventExecutor.java:1195) ~[netty-common-4.2.10.Final.jar:4.2.10.Final]
	at io.netty.util.internal.ThreadExecutorMap$2.run(ThreadExecutorMap.java:74) ~[netty-common-4.2.10.Final.jar:4.2.10.Final]
	at io.netty.util.concurrent.FastThreadLocalRunnable.run(FastThreadLocalRunnable.java:30) ~[netty-common-4.2.10.Final.jar:4.2.10.Final]
	at java.base/java.lang.Thread.run(Thread.java:1583) ~[na:na]

2026-04-05T19:39:36.448+03:00 ERROR 6236 --- [market] [ecutorLoop-5-12] i.n.u.c.D.rejectedExecution              : Failed to submit a listener notification task. Event loop shut down?

java.util.concurrent.RejectedExecutionException: event executor terminated
	at io.netty.util.concurrent.SingleThreadEventExecutor.reject(SingleThreadEventExecutor.java:1125) ~[netty-common-4.2.10.Final.jar:4.2.10.Final]
	at io.netty.util.concurrent.SingleThreadEventExecutor.offerTask(SingleThreadEventExecutor.java:413) ~[netty-common-4.2.10.Final.jar:4.2.10.Final]
	at io.netty.util.concurrent.SingleThreadEventExecutor.addTask(SingleThreadEventExecutor.java:406) ~[netty-common-4.2.10.Final.jar:4.2.10.Final]
	at io.netty.util.concurrent.SingleThreadEventExecutor.execute(SingleThreadEventExecutor.java:1027) ~[netty-common-4.2.10.Final.jar:4.2.10.Final]
	at io.netty.util.concurrent.SingleThreadEventExecutor.execute0(SingleThreadEventExecutor.java:993) ~[netty-common-4.2.10.Final.jar:4.2.10.Final]
	at io.netty.util.concurrent.SingleThreadEventExecutor.execute(SingleThreadEventExecutor.java:983) ~[netty-common-4.2.10.Final.jar:4.2.10.Final]
	at io.netty.util.concurrent.DefaultPromise.safeExecute(DefaultPromise.java:879) ~[netty-common-4.2.10.Final.jar:4.2.10.Final]
	at io.netty.util.concurrent.DefaultPromise.notifyListeners(DefaultPromise.java:514) ~[netty-common-4.2.10.Final.jar:4.2.10.Final]
	at io.netty.util.concurrent.DefaultPromise.addListener(DefaultPromise.java:199) ~[netty-common-4.2.10.Final.jar:4.2.10.Final]
	at io.netty.channel.DefaultChannelPromise.addListener(DefaultChannelPromise.java:95) ~[netty-transport-4.2.10.Final.jar:4.2.10.Final]
	at io.netty.channel.DefaultChannelPromise.addListener(DefaultChannelPromise.java:30) ~[netty-transport-4.2.10.Final.jar:4.2.10.Final]
	at io.lettuce.core.protocol.RedisHandshakeHandler.fail(RedisHandshakeHandler.java:123) ~[lettuce-core-6.8.2.RELEASE.jar:6.8.2.RELEASE/34f8700]
	at io.lettuce.core.protocol.RedisHandshakeHandler.lambda$channelRegistered$0(RedisHandshakeHandler.java:51) ~[lettuce-core-6.8.2.RELEASE.jar:6.8.2.RELEASE/34f8700]
	at io.netty.util.concurrent.PromiseTask.runTask(PromiseTask.java:98) ~[netty-common-4.2.10.Final.jar:4.2.10.Final]
	at io.netty.util.concurrent.PromiseTask.run(PromiseTask.java:106) ~[netty-common-4.2.10.Final.jar:4.2.10.Final]
	at io.netty.util.concurrent.AbstractEventExecutor.runTask(AbstractEventExecutor.java:148) ~[netty-common-4.2.10.Final.jar:4.2.10.Final]
	at io.netty.util.concurrent.DefaultEventExecutor.run(DefaultEventExecutor.java:66) ~[netty-common-4.2.10.Final.jar:4.2.10.Final]
	at io.netty.util.concurrent.SingleThreadEventExecutor$5.run(SingleThreadEventExecutor.java:1195) ~[netty-common-4.2.10.Final.jar:4.2.10.Final]
	at io.netty.util.internal.ThreadExecutorMap$2.run(ThreadExecutorMap.java:74) ~[netty-common-4.2.10.Final.jar:4.2.10.Final]
	at io.netty.util.concurrent.FastThreadLocalRunnable.run(FastThreadLocalRunnable.java:30) ~[netty-common-4.2.10.Final.jar:4.2.10.Final]
	at java.base/java.lang.Thread.run(Thread.java:1583) ~[na:na]

2026-04-05T19:39:36.448+03:00 ERROR 6236 --- [market] [ecutorLoop-5-10] i.n.u.c.D.rejectedExecution              : Failed to submit a listener notification task. Event loop shut down?

java.util.concurrent.RejectedExecutionException: event executor terminated
	at io.netty.util.concurrent.SingleThreadEventExecutor.reject(SingleThreadEventExecutor.java:1125) ~[netty-common-4.2.10.Final.jar:4.2.10.Final]
	at io.netty.util.concurrent.SingleThreadEventExecutor.offerTask(SingleThreadEventExecutor.java:413) ~[netty-common-4.2.10.Final.jar:4.2.10.Final]
	at io.netty.util.concurrent.SingleThreadEventExecutor.addTask(SingleThreadEventExecutor.java:406) ~[netty-common-4.2.10.Final.jar:4.2.10.Final]
	at io.netty.util.concurrent.SingleThreadEventExecutor.execute(SingleThreadEventExecutor.java:1027) ~[netty-common-4.2.10.Final.jar:4.2.10.Final]
	at io.netty.util.concurrent.SingleThreadEventExecutor.execute0(SingleThreadEventExecutor.java:993) ~[netty-common-4.2.10.Final.jar:4.2.10.Final]
	at io.netty.util.concurrent.SingleThreadEventExecutor.execute(SingleThreadEventExecutor.java:983) ~[netty-common-4.2.10.Final.jar:4.2.10.Final]
	at io.netty.util.concurrent.DefaultPromise.safeExecute(DefaultPromise.java:879) ~[netty-common-4.2.10.Final.jar:4.2.10.Final]
	at io.netty.util.concurrent.DefaultPromise.notifyListeners(DefaultPromise.java:514) ~[netty-common-4.2.10.Final.jar:4.2.10.Final]
	at io.netty.util.concurrent.DefaultPromise.addListener(DefaultPromise.java:199) ~[netty-common-4.2.10.Final.jar:4.2.10.Final]
	at io.netty.channel.DefaultChannelPromise.addListener(DefaultChannelPromise.java:95) ~[netty-transport-4.2.10.Final.jar:4.2.10.Final]
	at io.netty.channel.DefaultChannelPromise.addListener(DefaultChannelPromise.java:30) ~[netty-transport-4.2.10.Final.jar:4.2.10.Final]
	at io.lettuce.core.protocol.RedisHandshakeHandler.fail(RedisHandshakeHandler.java:123) ~[lettuce-core-6.8.2.RELEASE.jar:6.8.2.RELEASE/34f8700]
	at io.lettuce.core.protocol.RedisHandshakeHandler.lambda$channelRegistered$0(RedisHandshakeHandler.java:51) ~[lettuce-core-6.8.2.RELEASE.jar:6.8.2.RELEASE/34f8700]
	at io.netty.util.concurrent.PromiseTask.runTask(PromiseTask.java:98) ~[netty-common-4.2.10.Final.jar:4.2.10.Final]
	at io.netty.util.concurrent.PromiseTask.run(PromiseTask.java:106) ~[netty-common-4.2.10.Final.jar:4.2.10.Final]
	at io.netty.util.concurrent.AbstractEventExecutor.runTask(AbstractEventExecutor.java:148) ~[netty-common-4.2.10.Final.jar:4.2.10.Final]
	at io.netty.util.concurrent.DefaultEventExecutor.run(DefaultEventExecutor.java:66) ~[netty-common-4.2.10.Final.jar:4.2.10.Final]
	at io.netty.util.concurrent.SingleThreadEventExecutor$5.run(SingleThreadEventExecutor.java:1195) ~[netty-common-4.2.10.Final.jar:4.2.10.Final]
	at io.netty.util.internal.ThreadExecutorMap$2.run(ThreadExecutorMap.java:74) ~[netty-common-4.2.10.Final.jar:4.2.10.Final]
	at io.netty.util.concurrent.FastThreadLocalRunnable.run(FastThreadLocalRunnable.java:30) ~[netty-common-4.2.10.Final.jar:4.2.10.Final]
	at java.base/java.lang.Thread.run(Thread.java:1583) ~[na:na]

2026-04-05T19:39:40.540+03:00  WARN 6236 --- [market] [oEventLoop-16-4] i.l.core.protocol.ConnectionWatchdog     : Cannot reconnect to [localhost/<unresolved>:64017]: Connection initialization timed out after 5 second(s)
2026-04-05T19:39:40.540+03:00  WARN 6236 --- [market] [oEventLoop-16-5] i.l.core.protocol.ConnectionWatchdog     : Cannot reconnect to [localhost/<unresolved>:64017]: Connection initialization timed out after 5 second(s)
2026-04-05T19:39:40.540+03:00  WARN 6236 --- [market] [oEventLoop-16-6] i.l.core.protocol.ConnectionWatchdog     : Cannot reconnect to [localhost/<unresolved>:64017]: Connection initialization timed out after 5 second(s)
2026-04-05T19:39:40.644+03:00  INFO 6236 --- [market] [ecutorLoop-14-8] i.l.core.protocol.ConnectionWatchdog     : Reconnecting, last destination was localhost/<unresolved>:64017
2026-04-05T19:39:40.644+03:00  INFO 6236 --- [market] [ecutorLoop-14-7] i.l.core.protocol.ConnectionWatchdog     : Reconnecting, last destination was localhost/<unresolved>:64017
2026-04-05T19:39:40.644+03:00  INFO 6236 --- [market] [ecutorLoop-14-9] i.l.core.protocol.ConnectionWatchdog     : Reconnecting, last destination was localhost/<unresolved>:64017
2026-04-05T19:39:40.647+03:00  WARN 6236 --- [market] [oEventLoop-16-7] i.l.core.protocol.ConnectionWatchdog     : Cannot reconnect to [localhost/<unresolved>:64017]: Connection refused: getsockopt: localhost/127.0.0.1:64017
2026-04-05T19:39:40.647+03:00  WARN 6236 --- [market] [oEventLoop-16-9] i.l.core.protocol.ConnectionWatchdog     : Cannot reconnect to [localhost/<unresolved>:64017]: Connection refused: getsockopt: localhost/127.0.0.1:64017
2026-04-05T19:39:40.647+03:00  WARN 6236 --- [market] [oEventLoop-16-8] i.l.core.protocol.ConnectionWatchdog     : Cannot reconnect to [localhost/<unresolved>:64017]: Connection refused: getsockopt: localhost/127.0.0.1:64017
2026-04-05T19:39:42.353+03:00  INFO 6236 --- [market] [tream-427658662] tc.quay.io/keycloak/keycloak:22.0.1      : STDOUT: 2026-04-05 16:39:42,350 INFO  [io.quarkus.deployment.QuarkusAugmentor] (main) Quarkus augmentation completed in 4552ms
2026-04-05T19:39:44.500+03:00  INFO 6236 --- [market] [tream-427658662] tc.quay.io/keycloak/keycloak:22.0.1      : STDOUT: 2026-04-05 16:39:43,421 INFO  [org.keycloak.quarkus.runtime.hostname.DefaultHostnameProvider] (main) Hostname settings: Base URL: <unset>, Hostname: keycloak, Strict HTTPS: false, Path: <request>, Strict BackChannel: false, Admin URL: <unset>, Admin: <request>, Port: 8080, Proxied: false
2026-04-05T19:39:44.692+03:00  INFO 6236 --- [market] [tream-427658662] tc.quay.io/keycloak/keycloak:22.0.1      : STDOUT: 2026-04-05 16:39:44,690 WARN  [io.quarkus.agroal.runtime.DataSources] (main) Datasource <default> enables XA but transaction recovery is not enabled. Please enable transaction recovery by setting quarkus.transaction-manager.enable-recovery=true, otherwise data may be lost if the application is terminated abruptly
2026-04-05T19:39:45.123+03:00  INFO 6236 --- [market] [tream-427658662] tc.quay.io/keycloak/keycloak:22.0.1      : STDOUT: 2026-04-05 16:39:45,121 WARN  [org.infinispan.PERSISTENCE] (keycloak-cache-init) ISPN000554: jboss-marshalling is deprecated and planned for removal
2026-04-05T19:39:45.310+03:00  INFO 6236 --- [market] [tream-427658662] tc.quay.io/keycloak/keycloak:22.0.1      : STDOUT: 2026-04-05 16:39:45,308 INFO  [org.infinispan.CONTAINER] (keycloak-cache-init) ISPN000556: Starting user marshaller 'org.infinispan.jboss.marshalling.core.JBossUserMarshaller'
2026-04-05T19:39:45.709+03:00  INFO 6236 --- [market] [tream-427658662] tc.quay.io/keycloak/keycloak:22.0.1      : STDOUT: 2026-04-05 16:39:45,707 INFO  [org.keycloak.connections.infinispan.DefaultInfinispanConnectionProviderFactory] (main) Node name: node_104705, Site name: null
2026-04-05T19:39:45.713+03:00  INFO 6236 --- [market] [tream-427658662] tc.quay.io/keycloak/keycloak:22.0.1      : STDOUT: 2026-04-05 16:39:45,711 INFO  [org.keycloak.broker.provider.AbstractIdentityProviderMapper] (main) Registering class org.keycloak.broker.provider.mappersync.ConfigSyncEventListener
2026-04-05T19:39:46.505+03:00  INFO 6236 --- [market] [tream-427658662] tc.quay.io/keycloak/keycloak:22.0.1      : STDOUT: 2026-04-05 16:39:46,503 INFO  [org.keycloak.quarkus.runtime.storage.legacy.liquibase.QuarkusJpaUpdaterProvider] (main) Initializing database schema. Using changelog META-INF/jpa-changelog-master.xml
2026-04-05T19:39:47.885+03:00  INFO 6236 --- [market] [tream-427658662] tc.quay.io/keycloak/keycloak:22.0.1      : STDOUT: 2026-04-05 16:39:47,883 INFO  [org.keycloak.services] (main) KC-SERVICES0050: Initializing master realm
2026-04-05T19:39:48.790+03:00  INFO 6236 --- [market] [tream-427658662] tc.quay.io/keycloak/keycloak:22.0.1      : STDOUT: 2026-04-05 16:39:48,789 INFO  [org.keycloak.exportimport.singlefile.SingleFileImportProvider] (main) Full importing from file /opt/keycloak/bin/../data/import/realm.json
2026-04-05T19:39:49.644+03:00  INFO 6236 --- [market] [cutorLoop-14-10] i.l.core.protocol.ConnectionWatchdog     : Reconnecting, last destination was localhost/<unresolved>:64017
2026-04-05T19:39:49.644+03:00  INFO 6236 --- [market] [cutorLoop-14-11] i.l.core.protocol.ConnectionWatchdog     : Reconnecting, last destination was localhost/<unresolved>:64017
2026-04-05T19:39:49.644+03:00  INFO 6236 --- [market] [cutorLoop-14-12] i.l.core.protocol.ConnectionWatchdog     : Reconnecting, last destination was localhost/<unresolved>:64017
2026-04-05T19:39:49.646+03:00  WARN 6236 --- [market] [oEventLoop-16-6] i.l.core.protocol.ConnectionWatchdog     : Cannot reconnect to [localhost/<unresolved>:64017]: Connection refused: getsockopt: localhost/127.0.0.1:64017
2026-04-05T19:39:49.646+03:00  WARN 6236 --- [market] [oEventLoop-16-4] i.l.core.protocol.ConnectionWatchdog     : Cannot reconnect to [localhost/<unresolved>:64017]: Connection refused: getsockopt: localhost/127.0.0.1:64017
2026-04-05T19:39:49.646+03:00  WARN 6236 --- [market] [oEventLoop-16-5] i.l.core.protocol.ConnectionWatchdog     : Cannot reconnect to [localhost/<unresolved>:64017]: Connection refused: getsockopt: localhost/127.0.0.1:64017
2026-04-05T19:39:49.815+03:00  INFO 6236 --- [market] [tream-427658662] tc.quay.io/keycloak/keycloak:22.0.1      : STDOUT: 2026-04-05 16:39:49,813 INFO  [org.keycloak.exportimport.util.ImportUtils] (main) Realm 'test-realm' imported
2026-04-05T19:39:49.843+03:00  INFO 6236 --- [market] [tream-427658662] tc.quay.io/keycloak/keycloak:22.0.1      : STDOUT: 2026-04-05 16:39:49,842 INFO  [org.keycloak.exportimport.dir.DirImportProvider] (main) Importing from directory /opt/keycloak/bin/../data/import
2026-04-05T19:39:49.843+03:00  INFO 6236 --- [market] [tream-427658662] tc.quay.io/keycloak/keycloak:22.0.1      : STDOUT: 2026-04-05 16:39:49,842 INFO  [org.keycloak.services] (main) KC-SERVICES0030: Full model import requested. Strategy: IGNORE_EXISTING
2026-04-05T19:39:49.844+03:00  INFO 6236 --- [market] [tream-427658662] tc.quay.io/keycloak/keycloak:22.0.1      : STDOUT: 2026-04-05 16:39:49,842 INFO  [org.keycloak.services] (main) KC-SERVICES0032: Import finished successfully
2026-04-05T19:39:49.960+03:00  INFO 6236 --- [market] [tream-427658662] tc.quay.io/keycloak/keycloak:22.0.1      : STDOUT: 2026-04-05 16:39:49,956 INFO  [io.quarkus] (main) Keycloak 22.0.1 on JVM (powered by Quarkus 3.2.0.Final) started in 7.485s. Listening on: http://0.0.0.0:8080
2026-04-05T19:39:49.960+03:00  INFO 6236 --- [market] [tream-427658662] tc.quay.io/keycloak/keycloak:22.0.1      : STDOUT: 2026-04-05 16:39:49,958 INFO  [io.quarkus] (main) Profile dev activated. 
2026-04-05T19:39:49.960+03:00  INFO 6236 --- [market] [tream-427658662] tc.quay.io/keycloak/keycloak:22.0.1      : STDOUT: 2026-04-05 16:39:49,958 INFO  [io.quarkus] (main) Installed features: [agroal, cdi, hibernate-orm, jdbc-h2, jdbc-mariadb, jdbc-mssql, jdbc-mysql, jdbc-oracle, jdbc-postgresql, keycloak, logging-gelf, micrometer, narayana-jta, reactive-routes, resteasy, resteasy-jackson, smallrye-context-propagation, smallrye-health, vertx]
2026-04-05T19:39:49.964+03:00  INFO 6236 --- [market] [tream-427658662] tc.quay.io/keycloak/keycloak:22.0.1      : STDOUT: 2026-04-05 16:39:49,962 WARN  [org.keycloak.quarkus.runtime.KeycloakMain] (main) Running the server in development mode. DO NOT use this configuration in production.
2026-04-05T19:39:50.238+03:00  INFO 6236 --- [market] [           main] tc.quay.io/keycloak/keycloak:22.0.1      : Container quay.io/keycloak/keycloak:22.0.1 started in PT14.6918563S
2026-04-05T19:39:50.239+03:00  INFO 6236 --- [market] [           main] tc.payment_service:1.0                   : Creating container for image: payment_service:1.0
2026-04-05T19:39:50.240+03:00  WARN 6236 --- [market] [           main] tc.payment_service:1.0                   : Reuse was requested but the environment does not support the reuse of containers
To enable reuse of containers, you must set 'testcontainers.reuse.enable=true' in a file located at C:\Users\admin\.testcontainers.properties
2026-04-05T19:39:50.316+03:00  INFO 6236 --- [market] [           main] tc.payment_service:1.0                   : Container payment_service:1.0 is starting: 2c4865593b30d52ed85c4b7ffb2bb2b373ce22ff3a50912f204773fdb9561ed1
2026-04-05T19:39:50.503+03:00  INFO 6236 --- [market] [           main] o.t.c.wait.strategy.HttpWaitStrategy     : /musing_poitras: Waiting for 60 seconds for URL: http://localhost:64093/actuator/health (where port 64093 maps to container port 8085)
2026-04-05T19:39:54.569+03:00  INFO 6236 --- [market] [           main] tc.payment_service:1.0                   : Container payment_service:1.0 started in PT4.3300706S
[payment] 
[payment]   .   ____          _            __ _ _
[payment]  /\\ / ___'_ __ _ _(_)_ __  __ _ \ \ \ \
[payment] ( ( )\___ | '_ | '_| | '_ \/ _` | \ \ \ \
[payment]  \\/  ___)| |_)| | | | | || (_| |  ) ) ) )
[payment]   '  |____| .__|_| |_|_| |_\__, | / / / /
[payment]  =========|_|==============|___/=/_/_/_/
[payment] 
[payment]  :: Spring Boot ::                (v4.0.3)
[payment] 
[payment] 2026-04-05T16:39:51.504Z  INFO 1 --- [payment_service] [           main] r.y.p.payment.api.PaymentApplication     : Starting PaymentApplication v1.0 using Java 21.0.10 with PID 1 (/app/payment.jar started by appuser in /app)
[payment] 2026-04-05T16:39:51.508Z  INFO 1 --- [payment_service] [           main] r.y.p.payment.api.PaymentApplication     : No active profile set, falling back to 1 default profile: "default"
[payment] === JWT issuer-uri: http://keycloak:8080/realms/test-realm
[payment] 2026-04-05T16:39:53.552Z  WARN 1 --- [payment_service] [           main] o.s.w.r.resource.ResourceHandlerUtils    : Appended trailing slash to static resource location: classpath:/META-INF/resources/webjars/swagger-ui/5.18.3/
[payment] 2026-04-05T16:39:53.650Z  INFO 1 --- [payment_service] [           main] o.s.b.a.e.web.EndpointLinksResolver      : Exposing 3 endpoints beneath base path '/actuator'
[payment] 2026-04-05T16:39:54.046Z  INFO 1 --- [payment_service] [           main] o.s.boot.reactor.netty.NettyWebServer    : Netty started on port 8085 (http)
[payment] 2026-04-05T16:39:54.053Z  INFO 1 --- [payment_service] [           main] r.y.p.payment.api.PaymentApplication     : Started PaymentApplication in 2.989 seconds (process running for 3.58)
[payment] JWT claims: {sub=210b9f5d-429e-46ca-a3f5-3cbb77d1e1c5, email_verified=false, iss=http://keycloak:8080/realms/test-realm, typ=Bearer, preferred_username=testuser, sid=8fef3732-c97b-4538-a754-b1711e611794, acr=1, realm_access={roles=[CLIENT]}, azp=payment-client, scope=email profile, exp=2026-04-05T16:44:54Z, session_state=8fef3732-c97b-4538-a754-b1711e611794, iat=2026-04-05T16:39:54Z, jti=f16ee1d8-6ade-43a1-abdc-308dd382ffcb}
[payment] Extracted roles: [CLIENT]
]]></system-out>
  </testcase>
  <testcase name="payment_shouldDecreaseBalance" classname="ru.ya.practicum.mymarket.integration.PaymentServiceTest" time="0.145">
    <system-out><![CDATA[[payment] 
[payment]   .   ____          _            __ _ _
[payment]  /\\ / ___'_ __ _ _(_)_ __  __ _ \ \ \ \
[payment] ( ( )\___ | '_ | '_| | '_ \/ _` | \ \ \ \
[payment]  \\/  ___)| |_)| | | | | || (_| |  ) ) ) )
[payment]   '  |____| .__|_| |_|_| |_\__, | / / / /
[payment]  =========|_|==============|___/=/_/_/_/
[payment] 
[payment]  :: Spring Boot ::                (v4.0.3)
[payment] 
[payment] 2026-04-05T16:39:51.504Z  INFO 1 --- [payment_service] [           main] r.y.p.payment.api.PaymentApplication     : Starting PaymentApplication v1.0 using Java 21.0.10 with PID 1 (/app/payment.jar started by appuser in /app)
[payment] 2026-04-05T16:39:51.508Z  INFO 1 --- [payment_service] [           main] r.y.p.payment.api.PaymentApplication     : No active profile set, falling back to 1 default profile: "default"
[payment] === JWT issuer-uri: http://keycloak:8080/realms/test-realm
[payment] 2026-04-05T16:39:53.552Z  WARN 1 --- [payment_service] [           main] o.s.w.r.resource.ResourceHandlerUtils    : Appended trailing slash to static resource location: classpath:/META-INF/resources/webjars/swagger-ui/5.18.3/
[payment] 2026-04-05T16:39:53.650Z  INFO 1 --- [payment_service] [           main] o.s.b.a.e.web.EndpointLinksResolver      : Exposing 3 endpoints beneath base path '/actuator'
[payment] 2026-04-05T16:39:54.046Z  INFO 1 --- [payment_service] [           main] o.s.boot.reactor.netty.NettyWebServer    : Netty started on port 8085 (http)
[payment] 2026-04-05T16:39:54.053Z  INFO 1 --- [payment_service] [           main] r.y.p.payment.api.PaymentApplication     : Started PaymentApplication in 2.989 seconds (process running for 3.58)
[payment] JWT claims: {sub=210b9f5d-429e-46ca-a3f5-3cbb77d1e1c5, email_verified=false, iss=http://keycloak:8080/realms/test-realm, typ=Bearer, preferred_username=testuser, sid=8fef3732-c97b-4538-a754-b1711e611794, acr=1, realm_access={roles=[CLIENT]}, azp=payment-client, scope=email profile, exp=2026-04-05T16:44:54Z, session_state=8fef3732-c97b-4538-a754-b1711e611794, iat=2026-04-05T16:39:54Z, jti=f16ee1d8-6ade-43a1-abdc-308dd382ffcb}
[payment] Extracted roles: [CLIENT]
[payment] JWT claims: {sub=210b9f5d-429e-46ca-a3f5-3cbb77d1e1c5, email_verified=false, iss=http://keycloak:8080/realms/test-realm, typ=Bearer, preferred_username=testuser, sid=ba08e38f-ffe4-4d00-a9d7-36cc0848f405, acr=1, realm_access={roles=[CLIENT]}, azp=payment-client, scope=email profile, exp=2026-04-05T16:44:55Z, session_state=ba08e38f-ffe4-4d00-a9d7-36cc0848f405, iat=2026-04-05T16:39:55Z, jti=d7afac17-719f-40e9-9562-7fbee1cf915a}
[payment] Extracted roles: [CLIENT]
[payment] JWT claims: {sub=210b9f5d-429e-46ca-a3f5-3cbb77d1e1c5, email_verified=false, iss=http://keycloak:8080/realms/test-realm, typ=Bearer, preferred_username=testuser, sid=ba08e38f-ffe4-4d00-a9d7-36cc0848f405, acr=1, realm_access={roles=[CLIENT]}, azp=payment-client, scope=email profile, exp=2026-04-05T16:44:55Z, session_state=ba08e38f-ffe4-4d00-a9d7-36cc0848f405, iat=2026-04-05T16:39:55Z, jti=d7afac17-719f-40e9-9562-7fbee1cf915a}
[payment] Extracted roles: [CLIENT]
[payment] JWT claims: {sub=210b9f5d-429e-46ca-a3f5-3cbb77d1e1c5, email_verified=false, iss=http://keycloak:8080/realms/test-realm, typ=Bearer, preferred_username=testuser, sid=ba08e38f-ffe4-4d00-a9d7-36cc0848f405, acr=1, realm_access={roles=[CLIENT]}, azp=payment-client, scope=email profile, exp=2026-04-05T16:44:55Z, session_state=ba08e38f-ffe4-4d00-a9d7-36cc0848f405, iat=2026-04-05T16:39:55Z, jti=d7afac17-719f-40e9-9562-7fbee1cf915a}
[payment] Extracted roles: [CLIENT]
[payment] JWT claims: {sub=210b9f5d-429e-46ca-a3f5-3cbb77d1e1c5, email_verified=false, iss=http://keycloak:8080/realms/test-realm, typ=Bearer, preferred_username=testuser, sid=ba08e38f-ffe4-4d00-a9d7-36cc0848f405, acr=1, realm_access={roles=[CLIENT]}, azp=payment-client, scope=email profile, exp=2026-04-05T16:44:55Z, session_state=ba08e38f-ffe4-4d00-a9d7-36cc0848f405, iat=2026-04-05T16:39:55Z, jti=d7afac17-719f-40e9-9562-7fbee1cf915a}
[payment] Extracted roles: [CLIENT]
]]></system-out>
  </testcase>
  <testcase name="getBalance_withAnyUsername_shouldReturnBalance" classname="ru.ya.practicum.mymarket.integration.PaymentServiceTest" time="0.051">
    <system-out><![CDATA[[payment] 
[payment]   .   ____          _            __ _ _
[payment]  /\\ / ___'_ __ _ _(_)_ __  __ _ \ \ \ \
[payment] ( ( )\___ | '_ | '_| | '_ \/ _` | \ \ \ \
[payment]  \\/  ___)| |_)| | | | | || (_| |  ) ) ) )
[payment]   '  |____| .__|_| |_|_| |_\__, | / / / /
[payment]  =========|_|==============|___/=/_/_/_/
[payment] 
[payment]  :: Spring Boot ::                (v4.0.3)
[payment] 
[payment] 2026-04-05T16:39:51.504Z  INFO 1 --- [payment_service] [           main] r.y.p.payment.api.PaymentApplication     : Starting PaymentApplication v1.0 using Java 21.0.10 with PID 1 (/app/payment.jar started by appuser in /app)
[payment] 2026-04-05T16:39:51.508Z  INFO 1 --- [payment_service] [           main] r.y.p.payment.api.PaymentApplication     : No active profile set, falling back to 1 default profile: "default"
[payment] === JWT issuer-uri: http://keycloak:8080/realms/test-realm
[payment] 2026-04-05T16:39:53.552Z  WARN 1 --- [payment_service] [           main] o.s.w.r.resource.ResourceHandlerUtils    : Appended trailing slash to static resource location: classpath:/META-INF/resources/webjars/swagger-ui/5.18.3/
[payment] 2026-04-05T16:39:53.650Z  INFO 1 --- [payment_service] [           main] o.s.b.a.e.web.EndpointLinksResolver      : Exposing 3 endpoints beneath base path '/actuator'
[payment] 2026-04-05T16:39:54.046Z  INFO 1 --- [payment_service] [           main] o.s.boot.reactor.netty.NettyWebServer    : Netty started on port 8085 (http)
[payment] 2026-04-05T16:39:54.053Z  INFO 1 --- [payment_service] [           main] r.y.p.payment.api.PaymentApplication     : Started PaymentApplication in 2.989 seconds (process running for 3.58)
[payment] JWT claims: {sub=210b9f5d-429e-46ca-a3f5-3cbb77d1e1c5, email_verified=false, iss=http://keycloak:8080/realms/test-realm, typ=Bearer, preferred_username=testuser, sid=8fef3732-c97b-4538-a754-b1711e611794, acr=1, realm_access={roles=[CLIENT]}, azp=payment-client, scope=email profile, exp=2026-04-05T16:44:54Z, session_state=8fef3732-c97b-4538-a754-b1711e611794, iat=2026-04-05T16:39:54Z, jti=f16ee1d8-6ade-43a1-abdc-308dd382ffcb}
[payment] Extracted roles: [CLIENT]
[payment] JWT claims: {sub=210b9f5d-429e-46ca-a3f5-3cbb77d1e1c5, email_verified=false, iss=http://keycloak:8080/realms/test-realm, typ=Bearer, preferred_username=testuser, sid=ba08e38f-ffe4-4d00-a9d7-36cc0848f405, acr=1, realm_access={roles=[CLIENT]}, azp=payment-client, scope=email profile, exp=2026-04-05T16:44:55Z, session_state=ba08e38f-ffe4-4d00-a9d7-36cc0848f405, iat=2026-04-05T16:39:55Z, jti=d7afac17-719f-40e9-9562-7fbee1cf915a}
[payment] Extracted roles: [CLIENT]
[payment] JWT claims: {sub=210b9f5d-429e-46ca-a3f5-3cbb77d1e1c5, email_verified=false, iss=http://keycloak:8080/realms/test-realm, typ=Bearer, preferred_username=testuser, sid=ba08e38f-ffe4-4d00-a9d7-36cc0848f405, acr=1, realm_access={roles=[CLIENT]}, azp=payment-client, scope=email profile, exp=2026-04-05T16:44:55Z, session_state=ba08e38f-ffe4-4d00-a9d7-36cc0848f405, iat=2026-04-05T16:39:55Z, jti=d7afac17-719f-40e9-9562-7fbee1cf915a}
[payment] Extracted roles: [CLIENT]
[payment] JWT claims: {sub=210b9f5d-429e-46ca-a3f5-3cbb77d1e1c5, email_verified=false, iss=http://keycloak:8080/realms/test-realm, typ=Bearer, preferred_username=testuser, sid=6ad23e5f-4f7f-45fd-9627-ddce16828953, acr=1, realm_access={roles=[CLIENT]}, azp=payment-client, scope=email profile, exp=2026-04-05T16:44:55Z, session_state=6ad23e5f-4f7f-45fd-9627-ddce16828953, iat=2026-04-05T16:39:55Z, jti=bf86ad50-7344-4c16-9764-ec99d8c85acd}
[payment] JWT claims: {sub=210b9f5d-429e-46ca-a3f5-3cbb77d1e1c5, email_verified=false, iss=http://keycloak:8080/realms/test-realm, typ=Bearer, preferred_username=testuser, sid=6ad23e5f-4f7f-45fd-9627-ddce16828953, acr=1, realm_access={roles=[CLIENT]}, azp=payment-client, scope=email profile, exp=2026-04-05T16:44:55Z, session_state=6ad23e5f-4f7f-45fd-9627-ddce16828953, iat=2026-04-05T16:39:55Z, jti=bf86ad50-7344-4c16-9764-ec99d8c85acd}
[payment] JWT claims: {sub=210b9f5d-429e-46ca-a3f5-3cbb77d1e1c5, email_verified=false, iss=http://keycloak:8080/realms/test-realm, typ=Bearer, preferred_username=testuser, sid=6ad23e5f-4f7f-45fd-9627-ddce16828953, acr=1, realm_access={roles=[CLIENT]}, azp=payment-client, scope=email profile, exp=2026-04-05T16:44:55Z, session_state=6ad23e5f-4f7f-45fd-9627-ddce16828953, iat=2026-04-05T16:39:55Z, jti=bf86ad50-7344-4c16-9764-ec99d8c85acd}
[payment] Extracted roles: [CLIENT]
[payment] Extracted roles: [CLIENT]
[payment] Extracted roles: [CLIENT]
]]></system-out>
  </testcase>
</testsuite>