<?xml version="1.0" encoding="UTF-8"?>
<testsuite xmlns:xsi="http://www.w3.org/2001/XMLSchema-instance" xsi:noNamespaceSchemaLocation="https://maven.apache.org/surefire/maven-surefire-plugin/xsd/surefire-test-report.xsd" version="3.0.2" name="ru.yandex.practicum.mymarket.integration.ItemControllerTest" time="0.77" tests="36" errors="0" skipped="0" failures="0">
  <properties>
[...]
</properties>
  <testcase name="findAll_withoutParams" classname="ru.yandex.practicum.mymarket.integration.ItemControllerTest" time="0.09">
    <system-out><![CDATA[2026-03-09T14:49:10.321+03:00  INFO 14764 --- [market] [           main] t.c.s.AnnotationConfigContextLoaderUtils : Could not detect default configuration classes for test class [ru.yandex.practicum.mymarket.integration.ItemControllerTest]: ItemControllerTest does not declare any static, non-private, non-final, nested classes annotated with @Configuration.
2026-03-09T14:49:10.323+03:00  INFO 14764 --- [market] [           main] .b.t.c.SpringBootTestContextBootstrapper : Found @SpringBootConfiguration ru.yandex.practicum.mymarket.MyMarketAppApplication for test class ru.yandex.practicum.mymarket.integration.ItemControllerTest
]]></system-out>
  </testcase>
  <testcase name="findAll_withSort(int, int, SortMethod)[1]" classname="ru.yandex.practicum.mymarket.integration.ItemControllerTest" time="0.031"/>
  <testcase name="findAll_withSort(int, int, SortMethod)[2]" classname="ru.yandex.practicum.mymarket.integration.ItemControllerTest" time="0.031"/>
  <testcase name="findAll_withSort(int, int, SortMethod)[3]" classname="ru.yandex.practicum.mymarket.integration.ItemControllerTest" time="0.016"/>
  <testcase name="increment_success()[1]" classname="ru.yandex.practicum.mymarket.integration.ItemControllerTest" time="0.073"/>
  <testcase name="increment_success()[2]" classname="ru.yandex.practicum.mymarket.integration.ItemControllerTest" time="0.018"/>
  <testcase name="increment_success()[3]" classname="ru.yandex.practicum.mymarket.integration.ItemControllerTest" time="0.0"/>
  <testcase name="increment_success()[4]" classname="ru.yandex.practicum.mymarket.integration.ItemControllerTest" time="0.029"/>
  <testcase name="increment_success()[5]" classname="ru.yandex.practicum.mymarket.integration.ItemControllerTest" time="0.003"/>
  <testcase name="increment_success()[6]" classname="ru.yandex.practicum.mymarket.integration.ItemControllerTest" time="0.019"/>
  <testcase name="increment_success()[7]" classname="ru.yandex.practicum.mymarket.integration.ItemControllerTest" time="0.013"/>
  <testcase name="increment_success()[8]" classname="ru.yandex.practicum.mymarket.integration.ItemControllerTest" time="0.021"/>
  <testcase name="increment_success()[9]" classname="ru.yandex.practicum.mymarket.integration.ItemControllerTest" time="0.016"/>
  <testcase name="increment_success()[10]" classname="ru.yandex.practicum.mymarket.integration.ItemControllerTest" time="0.012"/>
  <testcase name="findAll_withoutSearchAndSort(int, int)[1]" classname="ru.yandex.practicum.mymarket.integration.ItemControllerTest" time="0.031"/>
  <testcase name="findAll_withoutSearchAndSort(int, int)[2]" classname="ru.yandex.practicum.mymarket.integration.ItemControllerTest" time="0.022"/>
  <testcase name="getOne_success()[1]" classname="ru.yandex.practicum.mymarket.integration.ItemControllerTest" time="0.014"/>
  <testcase name="getOne_success()[2]" classname="ru.yandex.practicum.mymarket.integration.ItemControllerTest" time="0.011"/>
  <testcase name="getOne_success()[3]" classname="ru.yandex.practicum.mymarket.integration.ItemControllerTest" time="0.0"/>
  <testcase name="getOne_success()[4]" classname="ru.yandex.practicum.mymarket.integration.ItemControllerTest" time="0.016"/>
  <testcase name="getOne_success()[5]" classname="ru.yandex.practicum.mymarket.integration.ItemControllerTest" time="0.0"/>
  <testcase name="getOne_success()[6]" classname="ru.yandex.practicum.mymarket.integration.ItemControllerTest" time="0.015"/>
  <testcase name="getOne_success()[7]" classname="ru.yandex.practicum.mymarket.integration.ItemControllerTest" time="0.007"/>
  <testcase name="getOne_success()[8]" classname="ru.yandex.practicum.mymarket.integration.ItemControllerTest" time="0.0"/>
  <testcase name="getOne_success()[9]" classname="ru.yandex.practicum.mymarket.integration.ItemControllerTest" time="0.009"/>
  <testcase name="getOne_success()[10]" classname="ru.yandex.practicum.mymarket.integration.ItemControllerTest" time="0.008"/>
  <testcase name="decrement_success()[1]" classname="ru.yandex.practicum.mymarket.integration.ItemControllerTest" time="0.024"/>
  <testcase name="decrement_success()[2]" classname="ru.yandex.practicum.mymarket.integration.ItemControllerTest" time="0.016"/>
  <testcase name="decrement_success()[3]" classname="ru.yandex.practicum.mymarket.integration.ItemControllerTest" time="0.019"/>
  <testcase name="decrement_success()[4]" classname="ru.yandex.practicum.mymarket.integration.ItemControllerTest" time="0.015"/>
  <testcase name="decrement_success()[5]" classname="ru.yandex.practicum.mymarket.integration.ItemControllerTest" time="0.012"/>
  <testcase name="decrement_success()[6]" classname="ru.yandex.practicum.mymarket.integration.ItemControllerTest" time="0.014"/>
  <testcase name="decrement_success()[7]" classname="ru.yandex.practicum.mymarket.integration.ItemControllerTest" time="0.011"/>
  <testcase name="decrement_success()[8]" classname="ru.yandex.practicum.mymarket.integration.ItemControllerTest" time="0.016"/>
  <testcase name="decrement_success()[9]" classname="ru.yandex.practicum.mymarket.integration.ItemControllerTest" time="0.016"/>
  <testcase name="decrement_success()[10]" classname="ru.yandex.practicum.mymarket.integration.ItemControllerTest" time="0.016"/>
</testsuite>