<?xml version="1.0" encoding="UTF-8"?>
<testsuite xmlns:xsi="http://www.w3.org/2001/XMLSchema-instance" xsi:noNamespaceSchemaLocation="https://maven.apache.org/surefire/maven-surefire-plugin/xsd/surefire-test-report.xsd" version="3.0.2" name="ru.ya.practicum.payment.api.BalanceControllerTests" time="4.473" tests="3" errors="0" skipped="0" failures="0">
  <properties>
[...]
</properties>
  <testcase name="payment_success_positiveBalance" classname="ru.ya.practicum.payment.api.BalanceControllerTests" time="0.423">
    <system-out><![CDATA[19:40:00.493 [main] INFO org.springframework.test.context.support.AnnotationConfigContextLoaderUtils -- Could not detect default configuration classes for test class [ru.ya.practicum.payment.api.BalanceControllerTests]: BalanceControllerTests does not declare any static, non-private, non-final, nested classes annotated with @Configuration.
19:40:00.630 [main] INFO org.springframework.boot.test.context.SpringBootTestContextBootstrapper -- Found @SpringBootConfiguration ru.ya.practicum.payment.api.PaymentApplication for test class ru.ya.practicum.payment.api.BalanceControllerTests

  .   ____          _            __ _ _
 /\\ / ___'_ __ _ _(_)_ __  __ _ \ \ \ \
( ( )\___ | '_ | '_| | '_ \/ _` | \ \ \ \
 \\/  ___)| |_)| | | | | || (_| |  ) ) ) )
  '  |____| .__|_| |_|_| |_\__, | / / / /
 =========|_|==============|___/=/_/_/_/

 :: Spring Boot ::                (v4.0.3)

2026-04-05T19:40:01.013+03:00  INFO 18864 --- [payment_service] [           main] r.y.p.p.api.BalanceControllerTests       : Starting BalanceControllerTests using Java 21.0.9 with PID 18864 (started by admin in D:\learning\Java Middle 2025\Sprint8\my-market-app\payment_service)
2026-04-05T19:40:01.014+03:00 DEBUG 18864 --- [payment_service] [           main] r.y.p.p.api.BalanceControllerTests       : Running with Spring Boot v4.0.3, Spring v7.0.5
2026-04-05T19:40:01.015+03:00  INFO 18864 --- [payment_service] [           main] r.y.p.p.api.BalanceControllerTests       : No active profile set, falling back to 1 default profile: "default"
2026-04-05T19:40:03.789+03:00  WARN 18864 --- [payment_service] [           main] o.s.w.r.resource.ResourceHandlerUtils    : Appended trailing slash to static resource location: classpath:/META-INF/resources/webjars/swagger-ui/5.18.3/
2026-04-05T19:40:03.939+03:00  INFO 18864 --- [payment_service] [           main] o.s.b.a.e.web.EndpointLinksResolver      : Exposing 3 endpoints beneath base path '/actuator'
2026-04-05T19:40:04.300+03:00  INFO 18864 --- [payment_service] [           main] r.y.p.p.api.BalanceControllerTests       : Started BalanceControllerTests in 3.562 seconds (process running for 4.668)
2026-04-05T19:40:04.489+03:00 DEBUG 18864 --- [payment_service] [     parallel-2] o.s.s.w.s.u.m.OrServerWebExchangeMatcher : Trying to match using PathMatcherServerWebExchangeMatcher{pattern='/logout', method=POST}
2026-04-05T19:40:04.492+03:00 DEBUG 18864 --- [payment_service] [     parallel-2] athPatternParserServerWebExchangeMatcher : Request 'POST /payment/username' doesn't match 'POST /logout'
2026-04-05T19:40:04.493+03:00 DEBUG 18864 --- [payment_service] [     parallel-2] o.s.s.w.s.u.m.OrServerWebExchangeMatcher : No matches found
2026-04-05T19:40:04.498+03:00 DEBUG 18864 --- [payment_service] [     parallel-2] o.s.s.w.s.u.m.OrServerWebExchangeMatcher : Trying to match using PathMatcherServerWebExchangeMatcher{pattern='/actuator/**', method=null}
2026-04-05T19:40:04.498+03:00 DEBUG 18864 --- [payment_service] [     parallel-2] athPatternParserServerWebExchangeMatcher : Request 'POST /payment/username' doesn't match 'null /actuator/**'
2026-04-05T19:40:04.502+03:00 DEBUG 18864 --- [payment_service] [     parallel-2] o.s.s.w.s.u.m.OrServerWebExchangeMatcher : No matches found
2026-04-05T19:40:04.502+03:00 DEBUG 18864 --- [payment_service] [     parallel-2] a.DelegatingReactiveAuthorizationManager : Checking authorization on '/payment/username' using org.springframework.security.authorization.AuthenticatedReactiveAuthorizationManager@7e99e754
2026-04-05T19:40:04.510+03:00 DEBUG 18864 --- [payment_service] [     parallel-2] o.s.s.w.s.a.AuthorizationWebFilter       : Authorization successful
]]></system-out>
    <system-err><![CDATA[Mockito is currently self-attaching to enable the inline-mock-maker. This will no longer work in future releases of the JDK. Please add Mockito as an agent to your build as described in Mockito's documentation: https://javadoc.io/doc/org.mockito/mockito-core/latest/org.mockito/org/mockito/Mockito.html#0.3
WARNING: A Java agent has been loaded dynamically (C:\Users\admin\.m2\repository\net\bytebuddy\byte-buddy-agent\1.17.8\byte-buddy-agent-1.17.8.jar)
WARNING: If a serviceability tool is in use, please run with -XX:+EnableDynamicAgentLoading to hide this warning
WARNING: If a serviceability tool is not in use, please run with -Djdk.instrument.traceUsage for more information
WARNING: Dynamic loading of agents will be disallowed by default in a future release
]]></system-err>
  </testcase>
  <testcase name="payment_success_negativeBalance" classname="ru.ya.practicum.payment.api.BalanceControllerTests" time="0.018">
    <system-out><![CDATA[2026-04-05T19:40:04.747+03:00 DEBUG 18864 --- [payment_service] [     parallel-4] o.s.s.w.s.u.m.OrServerWebExchangeMatcher : Trying to match using PathMatcherServerWebExchangeMatcher{pattern='/logout', method=POST}
2026-04-05T19:40:04.747+03:00 DEBUG 18864 --- [payment_service] [     parallel-4] athPatternParserServerWebExchangeMatcher : Request 'POST /payment/username' doesn't match 'POST /logout'
2026-04-05T19:40:04.747+03:00 DEBUG 18864 --- [payment_service] [     parallel-4] o.s.s.w.s.u.m.OrServerWebExchangeMatcher : No matches found
2026-04-05T19:40:04.748+03:00 DEBUG 18864 --- [payment_service] [     parallel-4] o.s.s.w.s.u.m.OrServerWebExchangeMatcher : Trying to match using PathMatcherServerWebExchangeMatcher{pattern='/actuator/**', method=null}
2026-04-05T19:40:04.748+03:00 DEBUG 18864 --- [payment_service] [     parallel-4] athPatternParserServerWebExchangeMatcher : Request 'POST /payment/username' doesn't match 'null /actuator/**'
2026-04-05T19:40:04.748+03:00 DEBUG 18864 --- [payment_service] [     parallel-4] o.s.s.w.s.u.m.OrServerWebExchangeMatcher : No matches found
2026-04-05T19:40:04.748+03:00 DEBUG 18864 --- [payment_service] [     parallel-4] a.DelegatingReactiveAuthorizationManager : Checking authorization on '/payment/username' using org.springframework.security.authorization.AuthenticatedReactiveAuthorizationManager@7e99e754
2026-04-05T19:40:04.748+03:00 DEBUG 18864 --- [payment_service] [     parallel-4] o.s.s.w.s.a.AuthorizationWebFilter       : Authorization successful
]]></system-out>
  </testcase>
  <testcase name="getBalance_success" classname="ru.ya.practicum.payment.api.BalanceControllerTests" time="0.018">
    <system-out><![CDATA[2026-04-05T19:40:04.765+03:00 DEBUG 18864 --- [payment_service] [     parallel-6] o.s.s.w.s.u.m.OrServerWebExchangeMatcher : Trying to match using PathMatcherServerWebExchangeMatcher{pattern='/logout', method=POST}
2026-04-05T19:40:04.766+03:00 DEBUG 18864 --- [payment_service] [     parallel-6] athPatternParserServerWebExchangeMatcher : Request 'GET /balance/username' doesn't match 'POST /logout'
2026-04-05T19:40:04.766+03:00 DEBUG 18864 --- [payment_service] [     parallel-6] o.s.s.w.s.u.m.OrServerWebExchangeMatcher : No matches found
2026-04-05T19:40:04.767+03:00 DEBUG 18864 --- [payment_service] [     parallel-6] o.s.s.w.s.u.m.OrServerWebExchangeMatcher : Trying to match using PathMatcherServerWebExchangeMatcher{pattern='/actuator/**', method=null}
2026-04-05T19:40:04.767+03:00 DEBUG 18864 --- [payment_service] [     parallel-6] athPatternParserServerWebExchangeMatcher : Request 'GET /balance/username' doesn't match 'null /actuator/**'
2026-04-05T19:40:04.767+03:00 DEBUG 18864 --- [payment_service] [     parallel-6] o.s.s.w.s.u.m.OrServerWebExchangeMatcher : No matches found
2026-04-05T19:40:04.767+03:00 DEBUG 18864 --- [payment_service] [     parallel-6] a.DelegatingReactiveAuthorizationManager : Checking authorization on '/balance/username' using org.springframework.security.authorization.AuthenticatedReactiveAuthorizationManager@7e99e754
2026-04-05T19:40:04.767+03:00 DEBUG 18864 --- [payment_service] [     parallel-6] o.s.s.w.s.a.AuthorizationWebFilter       : Authorization successful
]]></system-out>
  </testcase>
</testsuite>